2020-03-09 14:18:03,182 INFO  [org.jboss.modules] (main) JBoss Modules version 1.9.1.Final
2020-03-09 14:18:12,442 INFO  [org.jboss.msc] (main) JBoss MSC version 1.4.11.Final
2020-03-09 14:18:12,478 INFO  [org.jboss.threads] (main) JBoss Threads version 2.3.3.Final
2020-03-09 14:18:13,325 INFO  [org.jboss.as] (MSC service thread 1-2) WFLYSRV0049: Keycloak 8.0.1 (WildFly Core 10.0.3.Final) starting
2020-03-09 14:18:13,335 DEBUG [org.jboss.as.config] (MSC service thread 1-2) Configured system properties:
	awt.toolkit = sun.awt.windows.WToolkit
	file.encoding = Cp1252
	file.encoding.pkg = sun.io
	file.separator = \
	java.awt.graphicsenv = sun.awt.Win32GraphicsEnvironment
	java.awt.printerjob = sun.awt.windows.WPrinterJob
	java.class.path = C:\Users\THOMAS\Documents\workspace-sts-3.9.11.RELEASE\SpringBoot-Angula-Keycloak\keycloak\jboss-modules.jar
	java.class.version = 52.0
	java.endorsed.dirs = C:\Program Files (x86)\Java\jdk1.8.0_181\jre\lib\endorsed
	java.ext.dirs = C:\Program Files (x86)\Java\jdk1.8.0_181\jre\lib\ext;C:\WINDOWS\Sun\Java\lib\ext
	java.home = C:\Program Files (x86)\Java\jdk1.8.0_181\jre
	java.io.tmpdir = C:\Users\THOMAS\AppData\Local\Temp\
	java.library.path = C:\Program Files (x86)\Java\jdk1.8.0_181\bin;C:\WINDOWS\Sun\Java\bin;C:\WINDOWS\system32;C:\WINDOWS;C:\Python27\;C:\Python27\Scripts;C:\Program Files (x86)\Common Files\Oracle\Java\javapath;C:\Program Files (x86)\nodejs;C:\Program Files (x86)\nodejs\node_modules\npm;C:\Program Files (x86)\nodejs\node_modules\npm\bin;C:\Program Files\Java\jre1.8.0_181\bin;C:\ProgramData\chocolatey\bin;C:\Program Files\nodejs\;C:\Program Files (x86)\Git\cmd;C:\Users\THOMAS\AppData\Local\Programs\Microsoft VS Code\bin;C:\Program Files (x86)\Java\jdk1.8.0_181;"C:\Users\THOMAS\AppData\Local\Android\Sdk;C:\Users\THOMAS\android-sdks;C:\Users\THOMAS\android-sdks\build-tools\23.0.1;";C:\Program Files\JetBrains\PhpStorm 2019.3\bin;C:\xampp\htdocs\TestLink\logs;C:\xampp\htdocs\TestLink\upload_area;C:\Users\THOMAS\AppData\Roaming\npm;.
	java.net.preferIPv4Stack = true
	java.runtime.name = Java(TM) SE Runtime Environment
	java.runtime.version = 1.8.0_181-b13
	java.specification.name = Java Platform API Specification
	java.specification.vendor = Oracle Corporation
	java.specification.version = 1.8
	java.util.logging.manager = org.jboss.logmanager.LogManager
	java.vendor = Oracle Corporation
	java.vendor.url = http://java.oracle.com/
	java.vendor.url.bug = http://bugreport.sun.com/bugreport/
	java.version = 1.8.0_181
	java.vm.info = mixed mode
	java.vm.name = Java HotSpot(TM) Client VM
	java.vm.specification.name = Java Virtual Machine Specification
	java.vm.specification.vendor = Oracle Corporation
	java.vm.specification.version = 1.8
	java.vm.vendor = Oracle Corporation
	java.vm.version = 25.181-b13
	javax.management.builder.initial = org.jboss.as.jmx.PluggableMBeanServerBuilder
	jboss.home.dir = C:\Users\THOMAS\Documents\workspace-sts-3.9.11.RELEASE\SpringBoot-Angula-Keycloak\keycloak
	jboss.host.name = desktop-1bhbp32
	jboss.modules.dir = C:\Users\THOMAS\Documents\workspace-sts-3.9.11.RELEASE\SpringBoot-Angula-Keycloak\keycloak\modules
	jboss.modules.system.pkgs = org.jboss.byteman
	jboss.node.name = desktop-1bhbp32
	jboss.qualified.host.name = desktop-1bhbp32
	jboss.server.base.dir = C:\Users\THOMAS\Documents\workspace-sts-3.9.11.RELEASE\SpringBoot-Angula-Keycloak\keycloak\standalone
	jboss.server.config.dir = C:\Users\THOMAS\Documents\workspace-sts-3.9.11.RELEASE\SpringBoot-Angula-Keycloak\keycloak\standalone\configuration
	jboss.server.data.dir = C:\Users\THOMAS\Documents\workspace-sts-3.9.11.RELEASE\SpringBoot-Angula-Keycloak\keycloak\standalone\data
	jboss.server.deploy.dir = C:\Users\THOMAS\Documents\workspace-sts-3.9.11.RELEASE\SpringBoot-Angula-Keycloak\keycloak\standalone\data\content
	jboss.server.log.dir = C:\Users\THOMAS\Documents\workspace-sts-3.9.11.RELEASE\SpringBoot-Angula-Keycloak\keycloak\standalone\log
	jboss.server.name = desktop-1bhbp32
	jboss.server.persist.config = true
	jboss.server.temp.dir = C:\Users\THOMAS\Documents\workspace-sts-3.9.11.RELEASE\SpringBoot-Angula-Keycloak\keycloak\standalone\tmp
	line.separator = 

	logging.configuration = file:C:\Users\THOMAS\Documents\workspace-sts-3.9.11.RELEASE\SpringBoot-Angula-Keycloak\keycloak\standalone\configuration/logging.properties
	module.path = C:\Users\THOMAS\Documents\workspace-sts-3.9.11.RELEASE\SpringBoot-Angula-Keycloak\keycloak\modules
	org.jboss.boot.log.file = C:\Users\THOMAS\Documents\workspace-sts-3.9.11.RELEASE\SpringBoot-Angula-Keycloak\keycloak\standalone\log\server.log
	org.jboss.resolver.warning = true
	os.arch = x86
	os.name = Windows 10
	os.version = 10.0
	path.separator = ;
	program.name = standalone.bat
	sun.arch.data.model = 32
	sun.boot.class.path = C:\Program Files (x86)\Java\jdk1.8.0_181\jre\lib\resources.jar;C:\Program Files (x86)\Java\jdk1.8.0_181\jre\lib\rt.jar;C:\Program Files (x86)\Java\jdk1.8.0_181\jre\lib\sunrsasign.jar;C:\Program Files (x86)\Java\jdk1.8.0_181\jre\lib\jsse.jar;C:\Program Files (x86)\Java\jdk1.8.0_181\jre\lib\jce.jar;C:\Program Files (x86)\Java\jdk1.8.0_181\jre\lib\charsets.jar;C:\Program Files (x86)\Java\jdk1.8.0_181\jre\lib\jfr.jar;C:\Program Files (x86)\Java\jdk1.8.0_181\jre\classes
	sun.boot.library.path = C:\Program Files (x86)\Java\jdk1.8.0_181\jre\bin
	sun.cpu.endian = little
	sun.cpu.isalist = pentium_pro+mmx pentium_pro pentium+mmx pentium i486 i386 i86
	sun.desktop = windows
	sun.io.unicode.encoding = UnicodeLittle
	sun.java.command = C:\Users\THOMAS\Documents\workspace-sts-3.9.11.RELEASE\SpringBoot-Angula-Keycloak\keycloak\jboss-modules.jar -mp C:\Users\THOMAS\Documents\workspace-sts-3.9.11.RELEASE\SpringBoot-Angula-Keycloak\keycloak\modules org.jboss.as.standalone -Djboss.home.dir=C:\Users\THOMAS\Documents\workspace-sts-3.9.11.RELEASE\SpringBoot-Angula-Keycloak\keycloak
	sun.java.launcher = SUN_STANDARD
	sun.jnu.encoding = Cp1252
	sun.management.compiler = HotSpot Client Compiler
	sun.os.patch.level = 
	sun.stderr.encoding = cp850
	sun.stdout.encoding = cp850
	user.country = FR
	user.dir = C:\Windows\System32
	user.home = C:\Users\THOMAS
	user.language = fr
	user.name = THOMAS
	user.script = 
	user.timezone = Europe/Paris
	user.variant = 
2020-03-09 14:18:13,337 DEBUG [org.jboss.as.config] (MSC service thread 1-2) VM Arguments: -Dprogram.name=standalone.bat -Xms64M -Xmx512M -XX:MetaspaceSize=96M -XX:MaxMetaspaceSize=256m -Djava.net.preferIPv4Stack=true -Djboss.modules.system.pkgs=org.jboss.byteman -Dorg.jboss.boot.log.file=C:\Users\THOMAS\Documents\workspace-sts-3.9.11.RELEASE\SpringBoot-Angula-Keycloak\keycloak\standalone\log\server.log -Dlogging.configuration=file:C:\Users\THOMAS\Documents\workspace-sts-3.9.11.RELEASE\SpringBoot-Angula-Keycloak\keycloak\standalone\configuration/logging.properties 
2020-03-09 14:18:24,823 INFO  [org.wildfly.security] (ServerService Thread Pool -- 20) ELY00001: WildFly Elytron version 1.10.4.Final
2020-03-09 14:18:34,947 INFO  [org.jboss.as.controller.management-deprecated] (Controller Boot Thread) WFLYCTL0028: Attribute 'security-realm' in the resource at address '/core-service=management/management-interface=http-interface' is deprecated, and may be removed in a future version. See the attribute description in the output of the read-resource-description operation to learn more about the deprecation.
2020-03-09 14:18:35,002 INFO  [org.jboss.as.controller.management-deprecated] (ServerService Thread Pool -- 13) WFLYCTL0028: Attribute 'security-realm' in the resource at address '/subsystem=undertow/server=default-server/https-listener=https' is deprecated, and may be removed in a future version. See the attribute description in the output of the read-resource-description operation to learn more about the deprecation.
2020-03-09 14:18:35,274 INFO  [org.jboss.as.server] (Controller Boot Thread) WFLYSRV0039: Creating http management service using socket-binding (management-http)
2020-03-09 14:18:35,465 INFO  [org.xnio] (MSC service thread 1-7) XNIO version 3.7.3.Final
2020-03-09 14:18:35,557 INFO  [org.xnio.nio] (MSC service thread 1-7) XNIO NIO Implementation Version 3.7.3.Final
2020-03-09 14:18:35,606 WARN  [org.jboss.as.txn] (ServerService Thread Pool -- 49) WFLYTX0013: The node-identifier attribute on the /subsystem=transactions is set to the default value. This is a danger for environments running multiple servers. Please make sure the attribute value is unique.
2020-03-09 14:18:35,614 INFO  [org.wildfly.extension.microprofile.config.smallrye._private] (ServerService Thread Pool -- 51) WFLYCONF0001: Activating WildFly MicroProfile Config Subsystem
2020-03-09 14:18:35,710 INFO  [org.wildfly.extension.microprofile.metrics.smallrye] (ServerService Thread Pool -- 53) WFLYMETRICS0001: Activating Eclipse MicroProfile Metrics Subsystem
2020-03-09 14:18:35,774 INFO  [org.jboss.as.clustering.infinispan] (ServerService Thread Pool -- 37) WFLYCLINF0001: Activating Infinispan subsystem.
2020-03-09 14:18:35,941 INFO  [org.jboss.as.naming] (ServerService Thread Pool -- 43) WFLYNAM0001: Activating Naming Subsystem
2020-03-09 14:18:36,227 INFO  [org.wildfly.extension.microprofile.health.smallrye] (ServerService Thread Pool -- 52) WFLYHEALTH0001: Activating Eclipse MicroProfile Health Subsystem
2020-03-09 14:18:36,392 INFO  [org.jboss.as.security] (ServerService Thread Pool -- 48) WFLYSEC0002: Activating Security Subsystem
2020-03-09 14:18:36,602 INFO  [org.jboss.as.connector] (MSC service thread 1-5) WFLYJCA0009: Starting JCA Subsystem (WildFly/IronJacamar 1.4.17.Final)
2020-03-09 14:18:36,733 INFO  [org.jboss.as.security] (MSC service thread 1-6) WFLYSEC0001: Current PicketBox version=5.0.3.Final
2020-03-09 14:18:36,941 INFO  [org.wildfly.extension.undertow] (MSC service thread 1-1) WFLYUT0003: Undertow 2.0.27.Final starting
2020-03-09 14:18:37,690 WARN  [org.wildfly.clustering.web.undertow] (ServerService Thread Pool -- 54) WFLYCLWEBUT0007: No routing provider found for default-server; using legacy provider based on static configuration
2020-03-09 14:18:38,054 INFO  [org.jboss.as.jaxrs] (ServerService Thread Pool -- 38) WFLYRS0016: RESTEasy version 3.9.1.Final
2020-03-09 14:18:39,621 INFO  [org.wildfly.extension.undertow] (ServerService Thread Pool -- 54) WFLYUT0014: Creating file handler for path 'C:\Users\THOMAS\Documents\workspace-sts-3.9.11.RELEASE\SpringBoot-Angula-Keycloak\keycloak/welcome-content' with options [directory-listing: 'false', follow-symlink: 'false', case-sensitive: 'true', safe-symlink-paths: '[]']
2020-03-09 14:18:40,320 INFO  [org.jboss.as.connector.subsystems.datasources] (ServerService Thread Pool -- 32) WFLYJCA0004: Deploying JDBC-compliant driver class org.h2.Driver (version 1.4)
2020-03-09 14:18:40,561 INFO  [org.jboss.as.connector.deployers.jdbc] (MSC service thread 1-5) WFLYJCA0018: Started Driver service with driver-name = h2
2020-03-09 14:18:40,674 INFO  [org.jboss.as.naming] (MSC service thread 1-3) WFLYNAM0003: Starting Naming Service
2020-03-09 14:18:40,677 INFO  [org.jboss.as.mail.extension] (MSC service thread 1-6) WFLYMAIL0001: Bound mail session [java:jboss/mail/Default]
2020-03-09 14:18:41,951 INFO  [org.wildfly.extension.io] (ServerService Thread Pool -- 36) WFLYIO001: Worker 'default' has auto-configured to 8 core threads with 64 task threads based on your 4 available processors
2020-03-09 14:18:42,314 INFO  [org.jboss.as.ejb3] (MSC service thread 1-3) WFLYEJB0482: Strict pool mdb-strict-max-pool is using a max instance size of 16 (per class), which is derived from the number of CPUs on this host.
2020-03-09 14:18:42,314 INFO  [org.jboss.as.ejb3] (MSC service thread 1-6) WFLYEJB0481: Strict pool slsb-strict-max-pool is using a max instance size of 64 (per class), which is derived from thread worker pool sizing.
2020-03-09 14:18:42,748 INFO  [org.wildfly.extension.undertow] (MSC service thread 1-2) WFLYUT0012: Started server default-server.
2020-03-09 14:18:42,750 INFO  [org.wildfly.extension.undertow] (MSC service thread 1-7) WFLYUT0018: Host default-host starting
2020-03-09 14:18:42,806 INFO  [org.jboss.remoting] (MSC service thread 1-6) JBoss Remoting version 5.0.15.Final
2020-03-09 14:18:43,171 INFO  [org.jboss.as.ejb3] (MSC service thread 1-4) WFLYEJB0493: EJB subsystem suspension complete
2020-03-09 14:18:43,402 INFO  [org.wildfly.extension.undertow] (MSC service thread 1-2) WFLYUT0006: Undertow HTTP listener default listening on 127.0.0.1:8082
2020-03-09 14:18:43,866 INFO  [org.jboss.as.connector.subsystems.datasources] (MSC service thread 1-4) WFLYJCA0001: Bound data source [java:jboss/datasources/ExampleDS]
2020-03-09 14:18:43,866 INFO  [org.jboss.as.connector.subsystems.datasources] (MSC service thread 1-7) WFLYJCA0001: Bound data source [java:jboss/datasources/KeycloakDS]
2020-03-09 14:18:45,792 INFO  [org.jboss.as.patching] (MSC service thread 1-4) WFLYPAT0050: Keycloak cumulative patch ID is: base, one-off patches include: none
2020-03-09 14:18:45,859 WARN  [org.jboss.as.domain.management.security] (MSC service thread 1-4) WFLYDM0111: Keystore C:\Users\THOMAS\Documents\workspace-sts-3.9.11.RELEASE\SpringBoot-Angula-Keycloak\keycloak\standalone\configuration\application.keystore not found, it will be auto generated on first use with a self signed certificate for host localhost
2020-03-09 14:18:45,921 INFO  [org.jboss.as.server.deployment.scanner] (MSC service thread 1-1) WFLYDS0013: Started FileSystemDeploymentService for directory C:\Users\THOMAS\Documents\workspace-sts-3.9.11.RELEASE\SpringBoot-Angula-Keycloak\keycloak\standalone\deployments
2020-03-09 14:18:45,996 INFO  [org.jboss.as.server.deployment] (MSC service thread 1-8) WFLYSRV0027: Starting deployment of "keycloak-server.war" (runtime-name: "keycloak-server.war")
2020-03-09 14:18:47,032 INFO  [org.wildfly.extension.undertow] (MSC service thread 1-6) WFLYUT0006: Undertow HTTPS listener https listening on 127.0.0.1:8443
2020-03-09 14:18:54,343 WARN  [org.jboss.as.dependency.private] (MSC service thread 1-4) WFLYSRV0018: Deployment "deployment.keycloak-server.war" is using a private module ("org.kie") which may be changed or removed in future versions without notice.
2020-03-09 14:18:55,758 INFO  [org.infinispan.factories.GlobalComponentRegistry] (MSC service thread 1-3) ISPN000128: Infinispan version: Infinispan 'Infinity Minus ONE +2' 9.4.16.Final
2020-03-09 14:18:56,511 INFO  [org.jboss.as.clustering.infinispan] (ServerService Thread Pool -- 66) WFLYCLINF0002: Started offlineSessions cache from keycloak container
2020-03-09 14:18:56,511 INFO  [org.jboss.as.clustering.infinispan] (ServerService Thread Pool -- 64) WFLYCLINF0002: Started authorization cache from keycloak container
2020-03-09 14:18:56,510 INFO  [org.jboss.as.clustering.infinispan] (ServerService Thread Pool -- 65) WFLYCLINF0002: Started actionTokens cache from keycloak container
2020-03-09 14:18:56,510 INFO  [org.jboss.as.clustering.infinispan] (ServerService Thread Pool -- 59) WFLYCLINF0002: Started keys cache from keycloak container
2020-03-09 14:18:56,513 INFO  [org.jboss.as.clustering.infinispan] (ServerService Thread Pool -- 62) WFLYCLINF0002: Started users cache from keycloak container
2020-03-09 14:18:56,513 INFO  [org.jboss.as.clustering.infinispan] (ServerService Thread Pool -- 68) WFLYCLINF0002: Started offlineClientSessions cache from keycloak container
2020-03-09 14:18:56,514 INFO  [org.jboss.as.clustering.infinispan] (ServerService Thread Pool -- 61) WFLYCLINF0002: Started loginFailures cache from keycloak container
2020-03-09 14:18:56,514 INFO  [org.jboss.as.clustering.infinispan] (ServerService Thread Pool -- 58) WFLYCLINF0002: Started clientSessions cache from keycloak container
2020-03-09 14:18:56,515 INFO  [org.jboss.as.clustering.infinispan] (ServerService Thread Pool -- 60) WFLYCLINF0002: Started authenticationSessions cache from keycloak container
2020-03-09 14:18:56,514 INFO  [org.jboss.as.clustering.infinispan] (ServerService Thread Pool -- 63) WFLYCLINF0002: Started work cache from keycloak container
2020-03-09 14:18:56,515 INFO  [org.jboss.as.clustering.infinispan] (ServerService Thread Pool -- 67) WFLYCLINF0002: Started sessions cache from keycloak container
2020-03-09 14:18:56,515 INFO  [org.jboss.as.clustering.infinispan] (ServerService Thread Pool -- 69) WFLYCLINF0002: Started realms cache from keycloak container
2020-03-09 14:18:56,830 INFO  [org.jboss.as.clustering.infinispan] (ServerService Thread Pool -- 70) WFLYCLINF0002: Started client-mappings cache from ejb container
2020-03-09 14:18:58,258 WARN  [org.jboss.as.server.deployment] (MSC service thread 1-8) WFLYSRV0273: Excluded subsystem webservices via jboss-deployment-structure.xml does not exist.
2020-03-09 14:19:03,011 INFO  [org.keycloak.services] (ServerService Thread Pool -- 59) KC-SERVICES0001: Loading config from standalone.xml or domain.xml
2020-03-09 14:19:06,069 INFO  [org.keycloak.url.DefaultHostnameProviderFactory] (ServerService Thread Pool -- 59) Frontend: <request>, Admin: <frontend>, Backend: <request>
2020-03-09 14:19:09,059 INFO  [org.jboss.as.clustering.infinispan] (ServerService Thread Pool -- 59) WFLYCLINF0002: Started realmRevisions cache from keycloak container
2020-03-09 14:19:09,068 INFO  [org.jboss.as.clustering.infinispan] (ServerService Thread Pool -- 59) WFLYCLINF0002: Started userRevisions cache from keycloak container
2020-03-09 14:19:09,082 INFO  [org.jboss.as.clustering.infinispan] (ServerService Thread Pool -- 59) WFLYCLINF0002: Started authorizationRevisions cache from keycloak container
2020-03-09 14:19:09,103 INFO  [org.keycloak.connections.infinispan.DefaultInfinispanConnectionProviderFactory] (ServerService Thread Pool -- 59) Node name: desktop-1bhbp32, Site name: null
2020-03-09 14:19:23,591 INFO  [org.hibernate.jpa.internal.util.LogHelper] (ServerService Thread Pool -- 59) HHH000204: Processing PersistenceUnitInfo [
	name: keycloak-default
	...]
2020-03-09 14:19:26,164 INFO  [org.hibernate.Version] (ServerService Thread Pool -- 59) HHH000412: Hibernate Core {5.3.13.Final}
2020-03-09 14:19:26,168 INFO  [org.hibernate.cfg.Environment] (ServerService Thread Pool -- 59) HHH000206: hibernate.properties not found
2020-03-09 14:19:32,497 INFO  [org.hibernate.annotations.common.Version] (ServerService Thread Pool -- 59) HCANN000001: Hibernate Commons Annotations {5.0.5.Final}
2020-03-09 14:19:35,673 INFO  [org.hibernate.dialect.Dialect] (ServerService Thread Pool -- 59) HHH000400: Using dialect: org.hibernate.dialect.H2Dialect
2020-03-09 14:19:36,230 WARN  [org.hibernate.dialect.H2Dialect] (ServerService Thread Pool -- 59) HHH000431: Unable to determine H2 database version, certain features may not work
2020-03-09 14:19:37,585 INFO  [org.hibernate.envers.boot.internal.EnversServiceImpl] (ServerService Thread Pool -- 59) Envers integration enabled? : true
2020-03-09 14:19:41,775 INFO  [org.hibernate.orm.beans] (ServerService Thread Pool -- 59) HHH10005002: No explicit CDI BeanManager reference was passed to Hibernate, but CDI is available on the Hibernate ClassLoader.
2020-03-09 14:19:42,190 INFO  [org.hibernate.validator.internal.util.Version] (ServerService Thread Pool -- 59) HV000001: Hibernate Validator 6.0.18.Final
2020-03-09 14:19:51,804 INFO  [org.hibernate.hql.internal.QueryTranslatorFactoryInitiator] (ServerService Thread Pool -- 59) HHH000397: Using ASTQueryTranslatorFactory
2020-03-09 14:19:55,098 INFO  [org.jboss.resteasy.resteasy_jaxrs.i18n] (ServerService Thread Pool -- 59) RESTEASY002225: Deploying javax.ws.rs.core.Application: class org.keycloak.services.resources.KeycloakApplication
2020-03-09 14:19:55,104 INFO  [org.jboss.resteasy.resteasy_jaxrs.i18n] (ServerService Thread Pool -- 59) RESTEASY002200: Adding class resource org.keycloak.services.resources.JsResource from Application class org.keycloak.services.resources.KeycloakApplication
2020-03-09 14:19:55,105 INFO  [org.jboss.resteasy.resteasy_jaxrs.i18n] (ServerService Thread Pool -- 59) RESTEASY002205: Adding provider class org.keycloak.services.error.KeycloakErrorHandler from Application class org.keycloak.services.resources.KeycloakApplication
2020-03-09 14:19:55,106 INFO  [org.jboss.resteasy.resteasy_jaxrs.i18n] (ServerService Thread Pool -- 59) RESTEASY002205: Adding provider class org.keycloak.services.filters.KeycloakTransactionCommitter from Application class org.keycloak.services.resources.KeycloakApplication
2020-03-09 14:19:55,107 INFO  [org.jboss.resteasy.resteasy_jaxrs.i18n] (ServerService Thread Pool -- 59) RESTEASY002200: Adding class resource org.keycloak.services.resources.ThemeResource from Application class org.keycloak.services.resources.KeycloakApplication
2020-03-09 14:19:55,108 INFO  [org.jboss.resteasy.resteasy_jaxrs.i18n] (ServerService Thread Pool -- 59) RESTEASY002220: Adding singleton resource org.keycloak.services.resources.admin.AdminRoot from Application class org.keycloak.services.resources.KeycloakApplication
2020-03-09 14:19:55,109 INFO  [org.jboss.resteasy.resteasy_jaxrs.i18n] (ServerService Thread Pool -- 59) RESTEASY002220: Adding singleton resource org.keycloak.services.resources.RealmsResource from Application class org.keycloak.services.resources.KeycloakApplication
2020-03-09 14:19:55,110 INFO  [org.jboss.resteasy.resteasy_jaxrs.i18n] (ServerService Thread Pool -- 59) RESTEASY002210: Adding provider singleton org.keycloak.services.util.ObjectMapperResolver from Application class org.keycloak.services.resources.KeycloakApplication
2020-03-09 14:19:55,115 INFO  [org.jboss.resteasy.resteasy_jaxrs.i18n] (ServerService Thread Pool -- 59) RESTEASY002220: Adding singleton resource org.keycloak.services.resources.WelcomeResource from Application class org.keycloak.services.resources.KeycloakApplication
2020-03-09 14:19:55,116 INFO  [org.jboss.resteasy.resteasy_jaxrs.i18n] (ServerService Thread Pool -- 59) RESTEASY002220: Adding singleton resource org.keycloak.services.resources.RobotsResource from Application class org.keycloak.services.resources.KeycloakApplication
2020-03-09 14:19:57,841 INFO  [org.wildfly.extension.undertow] (ServerService Thread Pool -- 59) WFLYUT0021: Registered web context: '/auth' for server 'default-server'
2020-03-09 14:19:58,436 INFO  [org.jboss.as.server] (ServerService Thread Pool -- 55) WFLYSRV0010: Deployed "keycloak-server.war" (runtime-name : "keycloak-server.war")
2020-03-09 14:19:58,756 INFO  [org.jboss.as.server] (Controller Boot Thread) WFLYSRV0212: Resuming server
2020-03-09 14:19:58,760 INFO  [org.jboss.as] (Controller Boot Thread) WFLYSRV0060: Http management interface listening on http://127.0.0.1:9990/management
2020-03-09 14:19:58,761 INFO  [org.jboss.as] (Controller Boot Thread) WFLYSRV0051: Admin console listening on http://127.0.0.1:9990
2020-03-09 14:19:58,762 INFO  [org.jboss.as] (Controller Boot Thread) WFLYSRV0025: Keycloak 8.0.1 (WildFly Core 10.0.3.Final) started in 134348ms - Started 590 of 885 services (601 services are lazy, passive or on-demand)
2020-03-09 15:09:53,331 WARN  [org.keycloak.events] (default task-7) type=LOGIN_ERROR, realmId=spring-boot, clientId=null, userId=null, ipAddress=127.0.0.1, error=expired_code, restart_after_timeout=true, authSessionParentId=ebe2db19-4c00-47a9-ad9b-06bf8fe283f6, authSessionTabId=7f_Tw0dzavE
2020-03-09 15:10:09,976 WARN  [org.keycloak.events] (default task-7) type=REFRESH_TOKEN_ERROR, realmId=master, clientId=security-admin-console, userId=null, ipAddress=127.0.0.1, error=invalid_token, grant_type=refresh_token, client_auth_method=client-secret
2020-03-09 15:10:31,813 WARN  [org.keycloak.events] (default task-5) type=LOGIN_ERROR, realmId=spring-boot, clientId=account, userId=null, ipAddress=127.0.0.1, error=user_not_found, auth_method=openid-connect, redirect_uri=http://localhost:8082/auth/realms/spring-boot/account/login-redirect, code_id=ebe2db19-4c00-47a9-ad9b-06bf8fe283f6, username=thomastuemo@yahoo.fr, authSessionParentId=ebe2db19-4c00-47a9-ad9b-06bf8fe283f6, authSessionTabId=7f_Tw0dzavE
2020-03-09 15:10:38,605 WARN  [org.keycloak.events] (default task-9) type=LOGIN_ERROR, realmId=spring-boot, clientId=account, userId=null, ipAddress=127.0.0.1, error=user_not_found, auth_method=openid-connect, redirect_uri=http://localhost:8082/auth/realms/spring-boot/account/login-redirect, code_id=ebe2db19-4c00-47a9-ad9b-06bf8fe283f6, username=thomastuemo@yahoo.fr, authSessionParentId=ebe2db19-4c00-47a9-ad9b-06bf8fe283f6, authSessionTabId=7f_Tw0dzavE
2020-03-09 15:10:45,572 WARN  [org.keycloak.events] (default task-5) type=LOGIN_ERROR, realmId=spring-boot, clientId=account, userId=null, ipAddress=127.0.0.1, error=user_not_found, auth_method=openid-connect, redirect_uri=http://localhost:8082/auth/realms/spring-boot/account/login-redirect, code_id=ebe2db19-4c00-47a9-ad9b-06bf8fe283f6, username=thomastuemo@yahoo.fr, authSessionParentId=ebe2db19-4c00-47a9-ad9b-06bf8fe283f6, authSessionTabId=7f_Tw0dzavE
2020-03-09 15:10:47,601 WARN  [org.keycloak.events] (default task-5) type=LOGIN_ERROR, realmId=spring-boot, clientId=account, userId=null, ipAddress=127.0.0.1, error=user_not_found, auth_method=openid-connect, redirect_uri=http://localhost:8082/auth/realms/spring-boot/account/login-redirect, code_id=ebe2db19-4c00-47a9-ad9b-06bf8fe283f6, username=thomastuemo@yahoo.fr, authSessionParentId=ebe2db19-4c00-47a9-ad9b-06bf8fe283f6, authSessionTabId=7f_Tw0dzavE
2020-03-09 15:10:52,908 WARN  [org.keycloak.events] (default task-5) type=LOGIN_ERROR, realmId=spring-boot, clientId=account, userId=null, ipAddress=127.0.0.1, error=user_not_found, auth_method=openid-connect, redirect_uri=http://localhost:8082/auth/realms/spring-boot/account/login-redirect, code_id=ebe2db19-4c00-47a9-ad9b-06bf8fe283f6, username=thomastuemo@yahoo.fr, authSessionParentId=ebe2db19-4c00-47a9-ad9b-06bf8fe283f6, authSessionTabId=7f_Tw0dzavE
2020-03-09 15:11:24,936 WARN  [org.keycloak.events] (default task-5) type=REGISTER_ERROR, realmId=spring-boot, clientId=account, userId=null, ipAddress=127.0.0.1, error=email_in_use, auth_method=openid-connect, register_method=form, redirect_uri=http://localhost:8082/auth/realms/spring-boot/account/login-redirect, code_id=ebe2db19-4c00-47a9-ad9b-06bf8fe283f6, email=thomasthomas3@yahoo.fr, username=thomastuemo@yahoo.fr, authSessionParentId=ebe2db19-4c00-47a9-ad9b-06bf8fe283f6, authSessionTabId=7f_Tw0dzavE
2020-03-09 16:33:06,544 WARN  [org.keycloak.events] (default task-13) type=LOGIN_ERROR, realmId=spring-boot, clientId=account, userId=null, ipAddress=127.0.0.1, error=user_not_found, auth_method=openid-connect, auth_type=code, redirect_uri=http://localhost:8082/auth/realms/spring-boot/account/login-redirect?path=applications, code_id=d7193d59-0a16-42aa-b88c-41f4fb42cd86, username=thomastuemo1@yahoo.fr, authSessionParentId=d7193d59-0a16-42aa-b88c-41f4fb42cd86, authSessionTabId=NZsZiPe7zsI
2020-03-09 16:33:15,244 WARN  [org.keycloak.events] (default task-13) type=LOGIN_ERROR, realmId=spring-boot, clientId=account, userId=null, ipAddress=127.0.0.1, error=user_not_found, auth_method=openid-connect, auth_type=code, redirect_uri=http://localhost:8082/auth/realms/spring-boot/account/login-redirect?path=applications, code_id=d7193d59-0a16-42aa-b88c-41f4fb42cd86, username=thomastuemo1@yahoo.fr, authSessionParentId=d7193d59-0a16-42aa-b88c-41f4fb42cd86, authSessionTabId=NZsZiPe7zsI
2020-03-09 16:33:24,944 WARN  [org.keycloak.events] (default task-13) type=LOGIN_ERROR, realmId=spring-boot, clientId=account, userId=null, ipAddress=127.0.0.1, error=user_not_found, auth_method=openid-connect, auth_type=code, redirect_uri=http://localhost:8082/auth/realms/spring-boot/account/login-redirect?path=applications, code_id=d7193d59-0a16-42aa-b88c-41f4fb42cd86, username=thomastuemo@yahoo.fr>2, authSessionParentId=d7193d59-0a16-42aa-b88c-41f4fb42cd86, authSessionTabId=NZsZiPe7zsI
2020-03-09 16:33:42,231 ERROR [org.keycloak.services] (default task-13) KC-SERVICES0029: Failed to send email: org.keycloak.email.EmailException: Please provide a valid address
	at org.keycloak.email.DefaultEmailSenderProvider.toInternetAddress(DefaultEmailSenderProvider.java:162)
	at org.keycloak.email.DefaultEmailSenderProvider.send(DefaultEmailSenderProvider.java:121)
	at org.keycloak.email.freemarker.FreeMarkerEmailTemplateProvider.send(FreeMarkerEmailTemplateProvider.java:252)
	at org.keycloak.email.freemarker.FreeMarkerEmailTemplateProvider.send(FreeMarkerEmailTemplateProvider.java:247)
	at org.keycloak.email.freemarker.FreeMarkerEmailTemplateProvider.send(FreeMarkerEmailTemplateProvider.java:238)
	at org.keycloak.email.freemarker.FreeMarkerEmailTemplateProvider.send(FreeMarkerEmailTemplateProvider.java:197)
	at org.keycloak.email.freemarker.FreeMarkerEmailTemplateProvider.sendPasswordReset(FreeMarkerEmailTemplateProvider.java:120)
	at org.keycloak.authentication.authenticators.resetcred.ResetCredentialEmail.authenticate(ResetCredentialEmail.java:101)
	at org.keycloak.authentication.DefaultAuthenticationFlow.processSingleFlowExecutionModel(DefaultAuthenticationFlow.java:453)
	at org.keycloak.authentication.DefaultAuthenticationFlow.processFlow(DefaultAuthenticationFlow.java:305)
	at org.keycloak.authentication.DefaultAuthenticationFlow.processAction(DefaultAuthenticationFlow.java:185)
	at org.keycloak.authentication.AuthenticationProcessor.authenticationAction(AuthenticationProcessor.java:958)
	at org.keycloak.services.resources.LoginActionsService.processFlow(LoginActionsService.java:294)
	at org.keycloak.services.resources.LoginActionsService.processResetCredentials(LoginActionsService.java:624)
	at org.keycloak.services.resources.LoginActionsService.resetCredentials(LoginActionsService.java:416)
	at org.keycloak.services.resources.LoginActionsService.resetCredentialsPOST(LoginActionsService.java:339)
	at sun.reflect.NativeMethodAccessorImpl.invoke0(Native Method)
	at sun.reflect.NativeMethodAccessorImpl.invoke(NativeMethodAccessorImpl.java:62)
	at sun.reflect.DelegatingMethodAccessorImpl.invoke(DelegatingMethodAccessorImpl.java:43)
	at java.lang.reflect.Method.invoke(Method.java:498)
	at org.jboss.resteasy.core.MethodInjectorImpl.invoke(MethodInjectorImpl.java:138)
	at org.jboss.resteasy.core.ResourceMethodInvoker.internalInvokeOnTarget(ResourceMethodInvoker.java:517)
	at org.jboss.resteasy.core.ResourceMethodInvoker.invokeOnTargetAfterFilter(ResourceMethodInvoker.java:406)
	at org.jboss.resteasy.core.ResourceMethodInvoker.lambda$invokeOnTarget$0(ResourceMethodInvoker.java:370)
	at org.jboss.resteasy.core.interception.PreMatchContainerRequestContext.filter(PreMatchContainerRequestContext.java:356)
	at org.jboss.resteasy.core.ResourceMethodInvoker.invokeOnTarget(ResourceMethodInvoker.java:372)
	at org.jboss.resteasy.core.ResourceMethodInvoker.invoke(ResourceMethodInvoker.java:344)
	at org.jboss.resteasy.core.ResourceLocatorInvoker.invokeOnTargetObject(ResourceLocatorInvoker.java:137)
	at org.jboss.resteasy.core.ResourceLocatorInvoker.invoke(ResourceLocatorInvoker.java:100)
	at org.jboss.resteasy.core.SynchronousDispatcher.invoke(SynchronousDispatcher.java:440)
	at org.jboss.resteasy.core.SynchronousDispatcher.lambda$invoke$4(SynchronousDispatcher.java:229)
	at org.jboss.resteasy.core.SynchronousDispatcher.lambda$preprocess$0(SynchronousDispatcher.java:135)
	at org.jboss.resteasy.core.interception.PreMatchContainerRequestContext.filter(PreMatchContainerRequestContext.java:356)
	at org.jboss.resteasy.core.SynchronousDispatcher.preprocess(SynchronousDispatcher.java:138)
	at org.jboss.resteasy.core.SynchronousDispatcher.invoke(SynchronousDispatcher.java:215)
	at org.jboss.resteasy.plugins.server.servlet.ServletContainerDispatcher.service(ServletContainerDispatcher.java:227)
	at org.jboss.resteasy.plugins.server.servlet.HttpServletDispatcher.service(HttpServletDispatcher.java:56)
	at org.jboss.resteasy.plugins.server.servlet.HttpServletDispatcher.service(HttpServletDispatcher.java:51)
	at javax.servlet.http.HttpServlet.service(HttpServlet.java:590)
	at io.undertow.servlet.handlers.ServletHandler.handleRequest(ServletHandler.java:74)
	at io.undertow.servlet.handlers.FilterHandler$FilterChainImpl.doFilter(FilterHandler.java:129)
	at org.keycloak.services.filters.KeycloakSessionServletFilter.doFilter(KeycloakSessionServletFilter.java:91)
	at io.undertow.servlet.core.ManagedFilter.doFilter(ManagedFilter.java:61)
	at io.undertow.servlet.handlers.FilterHandler$FilterChainImpl.doFilter(FilterHandler.java:131)
	at io.undertow.servlet.handlers.FilterHandler.handleRequest(FilterHandler.java:84)
	at io.undertow.servlet.handlers.security.ServletSecurityRoleHandler.handleRequest(ServletSecurityRoleHandler.java:62)
	at io.undertow.servlet.handlers.ServletChain$1.handleRequest(ServletChain.java:68)
	at io.undertow.servlet.handlers.ServletDispatchingHandler.handleRequest(ServletDispatchingHandler.java:36)
	at org.wildfly.extension.undertow.security.SecurityContextAssociationHandler.handleRequest(SecurityContextAssociationHandler.java:78)
	at io.undertow.server.handlers.PredicateHandler.handleRequest(PredicateHandler.java:43)
	at io.undertow.servlet.handlers.RedirectDirHandler.handleRequest(RedirectDirHandler.java:68)
	at io.undertow.servlet.handlers.security.SSLInformationAssociationHandler.handleRequest(SSLInformationAssociationHandler.java:132)
	at io.undertow.servlet.handlers.security.ServletAuthenticationCallHandler.handleRequest(ServletAuthenticationCallHandler.java:57)
	at io.undertow.server.handlers.PredicateHandler.handleRequest(PredicateHandler.java:43)
	at io.undertow.security.handlers.AbstractConfidentialityHandler.handleRequest(AbstractConfidentialityHandler.java:46)
	at io.undertow.servlet.handlers.security.ServletConfidentialityConstraintHandler.handleRequest(ServletConfidentialityConstraintHandler.java:64)
	at io.undertow.security.handlers.AuthenticationMechanismsHandler.handleRequest(AuthenticationMechanismsHandler.java:60)
	at io.undertow.servlet.handlers.security.CachedAuthenticatedSessionHandler.handleRequest(CachedAuthenticatedSessionHandler.java:77)
	at io.undertow.security.handlers.NotificationReceiverHandler.handleRequest(NotificationReceiverHandler.java:50)
	at io.undertow.security.handlers.AbstractSecurityContextAssociationHandler.handleRequest(AbstractSecurityContextAssociationHandler.java:43)
	at io.undertow.server.handlers.PredicateHandler.handleRequest(PredicateHandler.java:43)
	at org.wildfly.extension.undertow.security.jacc.JACCContextIdHandler.handleRequest(JACCContextIdHandler.java:61)
	at io.undertow.server.handlers.PredicateHandler.handleRequest(PredicateHandler.java:43)
	at org.wildfly.extension.undertow.deployment.GlobalRequestControllerHandler.handleRequest(GlobalRequestControllerHandler.java:68)
	at io.undertow.server.handlers.PredicateHandler.handleRequest(PredicateHandler.java:43)
	at io.undertow.servlet.handlers.ServletInitialHandler.handleFirstRequest(ServletInitialHandler.java:269)
	at io.undertow.servlet.handlers.ServletInitialHandler.access$100(ServletInitialHandler.java:78)
	at io.undertow.servlet.handlers.ServletInitialHandler$2.call(ServletInitialHandler.java:133)
	at io.undertow.servlet.handlers.ServletInitialHandler$2.call(ServletInitialHandler.java:130)
	at io.undertow.servlet.core.ServletRequestContextThreadSetupAction$1.call(ServletRequestContextThreadSetupAction.java:48)
	at io.undertow.servlet.core.ContextClassLoaderSetupAction$1.call(ContextClassLoaderSetupAction.java:43)
	at org.wildfly.extension.undertow.security.SecurityContextThreadSetupAction.lambda$create$0(SecurityContextThreadSetupAction.java:105)
	at org.wildfly.extension.undertow.deployment.UndertowDeploymentInfoService$UndertowThreadSetupAction.lambda$create$0(UndertowDeploymentInfoService.java:1504)
	at org.wildfly.extension.undertow.deployment.UndertowDeploymentInfoService$UndertowThreadSetupAction.lambda$create$0(UndertowDeploymentInfoService.java:1504)
	at org.wildfly.extension.undertow.deployment.UndertowDeploymentInfoService$UndertowThreadSetupAction.lambda$create$0(UndertowDeploymentInfoService.java:1504)
	at org.wildfly.extension.undertow.deployment.UndertowDeploymentInfoService$UndertowThreadSetupAction.lambda$create$0(UndertowDeploymentInfoService.java:1504)
	at io.undertow.servlet.handlers.ServletInitialHandler.dispatchRequest(ServletInitialHandler.java:249)
	at io.undertow.servlet.handlers.ServletInitialHandler.access$000(ServletInitialHandler.java:78)
	at io.undertow.servlet.handlers.ServletInitialHandler$1.handleRequest(ServletInitialHandler.java:99)
	at io.undertow.server.Connectors.executeRootHandler(Connectors.java:376)
	at io.undertow.server.HttpServerExchange$1.run(HttpServerExchange.java:830)
	at org.jboss.threads.ContextClassLoaderSavingRunnable.run(ContextClassLoaderSavingRunnable.java:35)
	at org.jboss.threads.EnhancedQueueExecutor.safeRun(EnhancedQueueExecutor.java:1982)
	at org.jboss.threads.EnhancedQueueExecutor$ThreadBody.doRunTask(EnhancedQueueExecutor.java:1486)
	at org.jboss.threads.EnhancedQueueExecutor$ThreadBody.run(EnhancedQueueExecutor.java:1377)
	at java.lang.Thread.run(Thread.java:748)

2020-03-09 16:33:42,519 WARN  [org.keycloak.events] (default task-13) type=SEND_RESET_PASSWORD_ERROR, realmId=spring-boot, clientId=account, userId=c76bd232-3827-4311-b60a-2b6b99ffd678, ipAddress=127.0.0.1, error=email_send_failed, auth_method=openid-connect, auth_type=code, redirect_uri=http://localhost:8082/auth/realms/spring-boot/account/login-redirect?path=applications, code_id=d7193d59-0a16-42aa-b88c-41f4fb42cd86, username=thomastuemo@yahoo.fr, authSessionParentId=d7193d59-0a16-42aa-b88c-41f4fb42cd86, authSessionTabId=NZsZiPe7zsI
2020-03-09 16:33:42,548 ERROR [org.keycloak.services] (default task-13) KC-SERVICES0026: Failed to send password reset email: org.keycloak.email.EmailException: org.keycloak.email.EmailException: Please provide a valid address
	at org.keycloak.email.DefaultEmailSenderProvider.send(DefaultEmailSenderProvider.java:148)
	at org.keycloak.email.freemarker.FreeMarkerEmailTemplateProvider.send(FreeMarkerEmailTemplateProvider.java:252)
	at org.keycloak.email.freemarker.FreeMarkerEmailTemplateProvider.send(FreeMarkerEmailTemplateProvider.java:247)
	at org.keycloak.email.freemarker.FreeMarkerEmailTemplateProvider.send(FreeMarkerEmailTemplateProvider.java:238)
	at org.keycloak.email.freemarker.FreeMarkerEmailTemplateProvider.send(FreeMarkerEmailTemplateProvider.java:197)
	at org.keycloak.email.freemarker.FreeMarkerEmailTemplateProvider.sendPasswordReset(FreeMarkerEmailTemplateProvider.java:120)
	at org.keycloak.authentication.authenticators.resetcred.ResetCredentialEmail.authenticate(ResetCredentialEmail.java:101)
	at org.keycloak.authentication.DefaultAuthenticationFlow.processSingleFlowExecutionModel(DefaultAuthenticationFlow.java:453)
	at org.keycloak.authentication.DefaultAuthenticationFlow.processFlow(DefaultAuthenticationFlow.java:305)
	at org.keycloak.authentication.DefaultAuthenticationFlow.processAction(DefaultAuthenticationFlow.java:185)
	at org.keycloak.authentication.AuthenticationProcessor.authenticationAction(AuthenticationProcessor.java:958)
	at org.keycloak.services.resources.LoginActionsService.processFlow(LoginActionsService.java:294)
	at org.keycloak.services.resources.LoginActionsService.processResetCredentials(LoginActionsService.java:624)
	at org.keycloak.services.resources.LoginActionsService.resetCredentials(LoginActionsService.java:416)
	at org.keycloak.services.resources.LoginActionsService.resetCredentialsPOST(LoginActionsService.java:339)
	at sun.reflect.NativeMethodAccessorImpl.invoke0(Native Method)
	at sun.reflect.NativeMethodAccessorImpl.invoke(NativeMethodAccessorImpl.java:62)
	at sun.reflect.DelegatingMethodAccessorImpl.invoke(DelegatingMethodAccessorImpl.java:43)
	at java.lang.reflect.Method.invoke(Method.java:498)
	at org.jboss.resteasy.core.MethodInjectorImpl.invoke(MethodInjectorImpl.java:138)
	at org.jboss.resteasy.core.ResourceMethodInvoker.internalInvokeOnTarget(ResourceMethodInvoker.java:517)
	at org.jboss.resteasy.core.ResourceMethodInvoker.invokeOnTargetAfterFilter(ResourceMethodInvoker.java:406)
	at org.jboss.resteasy.core.ResourceMethodInvoker.lambda$invokeOnTarget$0(ResourceMethodInvoker.java:370)
	at org.jboss.resteasy.core.interception.PreMatchContainerRequestContext.filter(PreMatchContainerRequestContext.java:356)
	at org.jboss.resteasy.core.ResourceMethodInvoker.invokeOnTarget(ResourceMethodInvoker.java:372)
	at org.jboss.resteasy.core.ResourceMethodInvoker.invoke(ResourceMethodInvoker.java:344)
	at org.jboss.resteasy.core.ResourceLocatorInvoker.invokeOnTargetObject(ResourceLocatorInvoker.java:137)
	at org.jboss.resteasy.core.ResourceLocatorInvoker.invoke(ResourceLocatorInvoker.java:100)
	at org.jboss.resteasy.core.SynchronousDispatcher.invoke(SynchronousDispatcher.java:440)
	at org.jboss.resteasy.core.SynchronousDispatcher.lambda$invoke$4(SynchronousDispatcher.java:229)
	at org.jboss.resteasy.core.SynchronousDispatcher.lambda$preprocess$0(SynchronousDispatcher.java:135)
	at org.jboss.resteasy.core.interception.PreMatchContainerRequestContext.filter(PreMatchContainerRequestContext.java:356)
	at org.jboss.resteasy.core.SynchronousDispatcher.preprocess(SynchronousDispatcher.java:138)
	at org.jboss.resteasy.core.SynchronousDispatcher.invoke(SynchronousDispatcher.java:215)
	at org.jboss.resteasy.plugins.server.servlet.ServletContainerDispatcher.service(ServletContainerDispatcher.java:227)
	at org.jboss.resteasy.plugins.server.servlet.HttpServletDispatcher.service(HttpServletDispatcher.java:56)
	at org.jboss.resteasy.plugins.server.servlet.HttpServletDispatcher.service(HttpServletDispatcher.java:51)
	at javax.servlet.http.HttpServlet.service(HttpServlet.java:590)
	at io.undertow.servlet.handlers.ServletHandler.handleRequest(ServletHandler.java:74)
	at io.undertow.servlet.handlers.FilterHandler$FilterChainImpl.doFilter(FilterHandler.java:129)
	at org.keycloak.services.filters.KeycloakSessionServletFilter.doFilter(KeycloakSessionServletFilter.java:91)
	at io.undertow.servlet.core.ManagedFilter.doFilter(ManagedFilter.java:61)
	at io.undertow.servlet.handlers.FilterHandler$FilterChainImpl.doFilter(FilterHandler.java:131)
	at io.undertow.servlet.handlers.FilterHandler.handleRequest(FilterHandler.java:84)
	at io.undertow.servlet.handlers.security.ServletSecurityRoleHandler.handleRequest(ServletSecurityRoleHandler.java:62)
	at io.undertow.servlet.handlers.ServletChain$1.handleRequest(ServletChain.java:68)
	at io.undertow.servlet.handlers.ServletDispatchingHandler.handleRequest(ServletDispatchingHandler.java:36)
	at org.wildfly.extension.undertow.security.SecurityContextAssociationHandler.handleRequest(SecurityContextAssociationHandler.java:78)
	at io.undertow.server.handlers.PredicateHandler.handleRequest(PredicateHandler.java:43)
	at io.undertow.servlet.handlers.RedirectDirHandler.handleRequest(RedirectDirHandler.java:68)
	at io.undertow.servlet.handlers.security.SSLInformationAssociationHandler.handleRequest(SSLInformationAssociationHandler.java:132)
	at io.undertow.servlet.handlers.security.ServletAuthenticationCallHandler.handleRequest(ServletAuthenticationCallHandler.java:57)
	at io.undertow.server.handlers.PredicateHandler.handleRequest(PredicateHandler.java:43)
	at io.undertow.security.handlers.AbstractConfidentialityHandler.handleRequest(AbstractConfidentialityHandler.java:46)
	at io.undertow.servlet.handlers.security.ServletConfidentialityConstraintHandler.handleRequest(ServletConfidentialityConstraintHandler.java:64)
	at io.undertow.security.handlers.AuthenticationMechanismsHandler.handleRequest(AuthenticationMechanismsHandler.java:60)
	at io.undertow.servlet.handlers.security.CachedAuthenticatedSessionHandler.handleRequest(CachedAuthenticatedSessionHandler.java:77)
	at io.undertow.security.handlers.NotificationReceiverHandler.handleRequest(NotificationReceiverHandler.java:50)
	at io.undertow.security.handlers.AbstractSecurityContextAssociationHandler.handleRequest(AbstractSecurityContextAssociationHandler.java:43)
	at io.undertow.server.handlers.PredicateHandler.handleRequest(PredicateHandler.java:43)
	at org.wildfly.extension.undertow.security.jacc.JACCContextIdHandler.handleRequest(JACCContextIdHandler.java:61)
	at io.undertow.server.handlers.PredicateHandler.handleRequest(PredicateHandler.java:43)
	at org.wildfly.extension.undertow.deployment.GlobalRequestControllerHandler.handleRequest(GlobalRequestControllerHandler.java:68)
	at io.undertow.server.handlers.PredicateHandler.handleRequest(PredicateHandler.java:43)
	at io.undertow.servlet.handlers.ServletInitialHandler.handleFirstRequest(ServletInitialHandler.java:269)
	at io.undertow.servlet.handlers.ServletInitialHandler.access$100(ServletInitialHandler.java:78)
	at io.undertow.servlet.handlers.ServletInitialHandler$2.call(ServletInitialHandler.java:133)
	at io.undertow.servlet.handlers.ServletInitialHandler$2.call(ServletInitialHandler.java:130)
	at io.undertow.servlet.core.ServletRequestContextThreadSetupAction$1.call(ServletRequestContextThreadSetupAction.java:48)
	at io.undertow.servlet.core.ContextClassLoaderSetupAction$1.call(ContextClassLoaderSetupAction.java:43)
	at org.wildfly.extension.undertow.security.SecurityContextThreadSetupAction.lambda$create$0(SecurityContextThreadSetupAction.java:105)
	at org.wildfly.extension.undertow.deployment.UndertowDeploymentInfoService$UndertowThreadSetupAction.lambda$create$0(UndertowDeploymentInfoService.java:1504)
	at org.wildfly.extension.undertow.deployment.UndertowDeploymentInfoService$UndertowThreadSetupAction.lambda$create$0(UndertowDeploymentInfoService.java:1504)
	at org.wildfly.extension.undertow.deployment.UndertowDeploymentInfoService$UndertowThreadSetupAction.lambda$create$0(UndertowDeploymentInfoService.java:1504)
	at org.wildfly.extension.undertow.deployment.UndertowDeploymentInfoService$UndertowThreadSetupAction.lambda$create$0(UndertowDeploymentInfoService.java:1504)
	at io.undertow.servlet.handlers.ServletInitialHandler.dispatchRequest(ServletInitialHandler.java:249)
	at io.undertow.servlet.handlers.ServletInitialHandler.access$000(ServletInitialHandler.java:78)
	at io.undertow.servlet.handlers.ServletInitialHandler$1.handleRequest(ServletInitialHandler.java:99)
	at io.undertow.server.Connectors.executeRootHandler(Connectors.java:376)
	at io.undertow.server.HttpServerExchange$1.run(HttpServerExchange.java:830)
	at org.jboss.threads.ContextClassLoaderSavingRunnable.run(ContextClassLoaderSavingRunnable.java:35)
	at org.jboss.threads.EnhancedQueueExecutor.safeRun(EnhancedQueueExecutor.java:1982)
	at org.jboss.threads.EnhancedQueueExecutor$ThreadBody.doRunTask(EnhancedQueueExecutor.java:1486)
	at org.jboss.threads.EnhancedQueueExecutor$ThreadBody.run(EnhancedQueueExecutor.java:1377)
	at java.lang.Thread.run(Thread.java:748)
Caused by: org.keycloak.email.EmailException: Please provide a valid address
	at org.keycloak.email.DefaultEmailSenderProvider.toInternetAddress(DefaultEmailSenderProvider.java:162)
	at org.keycloak.email.DefaultEmailSenderProvider.send(DefaultEmailSenderProvider.java:121)
	... 84 more

2020-03-09 16:34:31,547 WARN  [org.keycloak.events] (default task-13) type=REGISTER_ERROR, realmId=spring-boot, clientId=account, userId=null, ipAddress=127.0.0.1, error=username_in_use, auth_method=openid-connect, auth_type=code, register_method=form, redirect_uri=http://localhost:8082/auth/realms/spring-boot/account/login-redirect?path=applications, code_id=d7193d59-0a16-42aa-b88c-41f4fb42cd86, email=thomasthomas3@yahoo.fr, username=thomastuemo@yahoo.fr, authSessionParentId=d7193d59-0a16-42aa-b88c-41f4fb42cd86, authSessionTabId=NZsZiPe7zsI
2020-03-09 16:35:04,507 WARN  [org.keycloak.events] (default task-13) type=REGISTER_ERROR, realmId=spring-boot, clientId=account, userId=null, ipAddress=127.0.0.1, error=email_in_use, auth_method=openid-connect, auth_type=code, register_method=form, redirect_uri=http://localhost:8082/auth/realms/spring-boot/account/login-redirect?path=applications, code_id=d7193d59-0a16-42aa-b88c-41f4fb42cd86, email=thomasthomas4@yahoo.fr, username=TuemoTh, authSessionParentId=d7193d59-0a16-42aa-b88c-41f4fb42cd86, authSessionTabId=NZsZiPe7zsI
2020-03-09 16:35:31,430 WARN  [org.keycloak.events] (default task-13) type=REGISTER_ERROR, realmId=spring-boot, clientId=account, userId=null, ipAddress=127.0.0.1, error=email_in_use, auth_method=openid-connect, auth_type=code, register_method=form, redirect_uri=http://localhost:8082/auth/realms/spring-boot/account/login-redirect?path=applications, code_id=d7193d59-0a16-42aa-b88c-41f4fb42cd86, email=thomasthomas5@yahoo.fr, username=TuemoTh, authSessionParentId=d7193d59-0a16-42aa-b88c-41f4fb42cd86, authSessionTabId=NZsZiPe7zsI
2020-03-09 16:36:00,670 WARN  [org.keycloak.services] (default task-13) KC-SERVICES0013: Failed authentication: org.keycloak.authentication.AuthenticationFlowException
	at org.keycloak.authentication.AuthenticationProcessor.setAutheticatedUser(AuthenticationProcessor.java:251)
	at org.keycloak.authentication.FormAuthenticationFlow$FormContextImpl.setUser(FormAuthenticationFlow.java:102)
	at org.keycloak.authentication.forms.RegistrationUserCreation.success(RegistrationUserCreation.java:139)
	at org.keycloak.authentication.FormAuthenticationFlow.processAction(FormAuthenticationFlow.java:250)
	at org.keycloak.authentication.DefaultAuthenticationFlow.processAction(DefaultAuthenticationFlow.java:162)
	at org.keycloak.authentication.AuthenticationProcessor.authenticationAction(AuthenticationProcessor.java:958)
	at org.keycloak.services.resources.LoginActionsService.processFlow(LoginActionsService.java:294)
	at org.keycloak.services.resources.LoginActionsService.processRegistration(LoginActionsService.java:629)
	at org.keycloak.services.resources.LoginActionsService.registerRequest(LoginActionsService.java:683)
	at org.keycloak.services.resources.LoginActionsService.processRegister(LoginActionsService.java:663)
	at sun.reflect.NativeMethodAccessorImpl.invoke0(Native Method)
	at sun.reflect.NativeMethodAccessorImpl.invoke(NativeMethodAccessorImpl.java:62)
	at sun.reflect.DelegatingMethodAccessorImpl.invoke(DelegatingMethodAccessorImpl.java:43)
	at java.lang.reflect.Method.invoke(Method.java:498)
	at org.jboss.resteasy.core.MethodInjectorImpl.invoke(MethodInjectorImpl.java:138)
	at org.jboss.resteasy.core.ResourceMethodInvoker.internalInvokeOnTarget(ResourceMethodInvoker.java:517)
	at org.jboss.resteasy.core.ResourceMethodInvoker.invokeOnTargetAfterFilter(ResourceMethodInvoker.java:406)
	at org.jboss.resteasy.core.ResourceMethodInvoker.lambda$invokeOnTarget$0(ResourceMethodInvoker.java:370)
	at org.jboss.resteasy.core.interception.PreMatchContainerRequestContext.filter(PreMatchContainerRequestContext.java:356)
	at org.jboss.resteasy.core.ResourceMethodInvoker.invokeOnTarget(ResourceMethodInvoker.java:372)
	at org.jboss.resteasy.core.ResourceMethodInvoker.invoke(ResourceMethodInvoker.java:344)
	at org.jboss.resteasy.core.ResourceLocatorInvoker.invokeOnTargetObject(ResourceLocatorInvoker.java:137)
	at org.jboss.resteasy.core.ResourceLocatorInvoker.invoke(ResourceLocatorInvoker.java:100)
	at org.jboss.resteasy.core.SynchronousDispatcher.invoke(SynchronousDispatcher.java:440)
	at org.jboss.resteasy.core.SynchronousDispatcher.lambda$invoke$4(SynchronousDispatcher.java:229)
	at org.jboss.resteasy.core.SynchronousDispatcher.lambda$preprocess$0(SynchronousDispatcher.java:135)
	at org.jboss.resteasy.core.interception.PreMatchContainerRequestContext.filter(PreMatchContainerRequestContext.java:356)
	at org.jboss.resteasy.core.SynchronousDispatcher.preprocess(SynchronousDispatcher.java:138)
	at org.jboss.resteasy.core.SynchronousDispatcher.invoke(SynchronousDispatcher.java:215)
	at org.jboss.resteasy.plugins.server.servlet.ServletContainerDispatcher.service(ServletContainerDispatcher.java:227)
	at org.jboss.resteasy.plugins.server.servlet.HttpServletDispatcher.service(HttpServletDispatcher.java:56)
	at org.jboss.resteasy.plugins.server.servlet.HttpServletDispatcher.service(HttpServletDispatcher.java:51)
	at javax.servlet.http.HttpServlet.service(HttpServlet.java:590)
	at io.undertow.servlet.handlers.ServletHandler.handleRequest(ServletHandler.java:74)
	at io.undertow.servlet.handlers.FilterHandler$FilterChainImpl.doFilter(FilterHandler.java:129)
	at org.keycloak.services.filters.KeycloakSessionServletFilter.doFilter(KeycloakSessionServletFilter.java:91)
	at io.undertow.servlet.core.ManagedFilter.doFilter(ManagedFilter.java:61)
	at io.undertow.servlet.handlers.FilterHandler$FilterChainImpl.doFilter(FilterHandler.java:131)
	at io.undertow.servlet.handlers.FilterHandler.handleRequest(FilterHandler.java:84)
	at io.undertow.servlet.handlers.security.ServletSecurityRoleHandler.handleRequest(ServletSecurityRoleHandler.java:62)
	at io.undertow.servlet.handlers.ServletChain$1.handleRequest(ServletChain.java:68)
	at io.undertow.servlet.handlers.ServletDispatchingHandler.handleRequest(ServletDispatchingHandler.java:36)
	at org.wildfly.extension.undertow.security.SecurityContextAssociationHandler.handleRequest(SecurityContextAssociationHandler.java:78)
	at io.undertow.server.handlers.PredicateHandler.handleRequest(PredicateHandler.java:43)
	at io.undertow.servlet.handlers.RedirectDirHandler.handleRequest(RedirectDirHandler.java:68)
	at io.undertow.servlet.handlers.security.SSLInformationAssociationHandler.handleRequest(SSLInformationAssociationHandler.java:132)
	at io.undertow.servlet.handlers.security.ServletAuthenticationCallHandler.handleRequest(ServletAuthenticationCallHandler.java:57)
	at io.undertow.server.handlers.PredicateHandler.handleRequest(PredicateHandler.java:43)
	at io.undertow.security.handlers.AbstractConfidentialityHandler.handleRequest(AbstractConfidentialityHandler.java:46)
	at io.undertow.servlet.handlers.security.ServletConfidentialityConstraintHandler.handleRequest(ServletConfidentialityConstraintHandler.java:64)
	at io.undertow.security.handlers.AuthenticationMechanismsHandler.handleRequest(AuthenticationMechanismsHandler.java:60)
	at io.undertow.servlet.handlers.security.CachedAuthenticatedSessionHandler.handleRequest(CachedAuthenticatedSessionHandler.java:77)
	at io.undertow.security.handlers.NotificationReceiverHandler.handleRequest(NotificationReceiverHandler.java:50)
	at io.undertow.security.handlers.AbstractSecurityContextAssociationHandler.handleRequest(AbstractSecurityContextAssociationHandler.java:43)
	at io.undertow.server.handlers.PredicateHandler.handleRequest(PredicateHandler.java:43)
	at org.wildfly.extension.undertow.security.jacc.JACCContextIdHandler.handleRequest(JACCContextIdHandler.java:61)
	at io.undertow.server.handlers.PredicateHandler.handleRequest(PredicateHandler.java:43)
	at org.wildfly.extension.undertow.deployment.GlobalRequestControllerHandler.handleRequest(GlobalRequestControllerHandler.java:68)
	at io.undertow.server.handlers.PredicateHandler.handleRequest(PredicateHandler.java:43)
	at io.undertow.servlet.handlers.ServletInitialHandler.handleFirstRequest(ServletInitialHandler.java:269)
	at io.undertow.servlet.handlers.ServletInitialHandler.access$100(ServletInitialHandler.java:78)
	at io.undertow.servlet.handlers.ServletInitialHandler$2.call(ServletInitialHandler.java:133)
	at io.undertow.servlet.handlers.ServletInitialHandler$2.call(ServletInitialHandler.java:130)
	at io.undertow.servlet.core.ServletRequestContextThreadSetupAction$1.call(ServletRequestContextThreadSetupAction.java:48)
	at io.undertow.servlet.core.ContextClassLoaderSetupAction$1.call(ContextClassLoaderSetupAction.java:43)
	at org.wildfly.extension.undertow.security.SecurityContextThreadSetupAction.lambda$create$0(SecurityContextThreadSetupAction.java:105)
	at org.wildfly.extension.undertow.deployment.UndertowDeploymentInfoService$UndertowThreadSetupAction.lambda$create$0(UndertowDeploymentInfoService.java:1504)
	at org.wildfly.extension.undertow.deployment.UndertowDeploymentInfoService$UndertowThreadSetupAction.lambda$create$0(UndertowDeploymentInfoService.java:1504)
	at org.wildfly.extension.undertow.deployment.UndertowDeploymentInfoService$UndertowThreadSetupAction.lambda$create$0(UndertowDeploymentInfoService.java:1504)
	at org.wildfly.extension.undertow.deployment.UndertowDeploymentInfoService$UndertowThreadSetupAction.lambda$create$0(UndertowDeploymentInfoService.java:1504)
	at io.undertow.servlet.handlers.ServletInitialHandler.dispatchRequest(ServletInitialHandler.java:249)
	at io.undertow.servlet.handlers.ServletInitialHandler.access$000(ServletInitialHandler.java:78)
	at io.undertow.servlet.handlers.ServletInitialHandler$1.handleRequest(ServletInitialHandler.java:99)
	at io.undertow.server.Connectors.executeRootHandler(Connectors.java:376)
	at io.undertow.server.HttpServerExchange$1.run(HttpServerExchange.java:830)
	at org.jboss.threads.ContextClassLoaderSavingRunnable.run(ContextClassLoaderSavingRunnable.java:35)
	at org.jboss.threads.EnhancedQueueExecutor.safeRun(EnhancedQueueExecutor.java:1982)
	at org.jboss.threads.EnhancedQueueExecutor$ThreadBody.doRunTask(EnhancedQueueExecutor.java:1486)
	at org.jboss.threads.EnhancedQueueExecutor$ThreadBody.run(EnhancedQueueExecutor.java:1377)
	at java.lang.Thread.run(Thread.java:748)

2020-03-09 16:36:00,710 WARN  [org.keycloak.events] (default task-13) type=REGISTER_ERROR, realmId=spring-boot, clientId=account, userId=null, ipAddress=127.0.0.1, error=invalid_user_credentials, auth_method=openid-connect, auth_type=code, register_method=form, redirect_uri=http://localhost:8082/auth/realms/spring-boot/account/login-redirect?path=applications, code_id=d7193d59-0a16-42aa-b88c-41f4fb42cd86, email=thomasthomas22@yahoo.fr, username=TuemoTh, authSessionParentId=d7193d59-0a16-42aa-b88c-41f4fb42cd86, authSessionTabId=NZsZiPe7zsI
2020-03-09 16:36:45,617 WARN  [org.keycloak.events] (default task-13) type=REGISTER_ERROR, realmId=spring-boot, clientId=account, userId=null, ipAddress=127.0.0.1, error=invalid_registration, auth_method=openid-connect, auth_type=code, register_method=form, redirect_uri=http://localhost:8082/auth/realms/spring-boot/account/login-redirect, code_id=d7193d59-0a16-42aa-b88c-41f4fb42cd86, email=thomasthomas11@yahoo.fr, username=TuemoT1, authSessionParentId=d7193d59-0a16-42aa-b88c-41f4fb42cd86, authSessionTabId=Z0aN3Lr4hwI
2020-03-09 16:44:01,751 WARN  [org.keycloak.events] (default task-13) type=LOGIN_ERROR, realmId=spring-boot, clientId=account, userId=null, ipAddress=127.0.0.1, error=user_not_found, auth_method=openid-connect, auth_type=code, redirect_uri=http://localhost:8082/auth/realms/spring-boot/account/login-redirect, code_id=b405996f-b721-4b1b-af61-e1616b0a947d, username=thomastuemo11@yahoo.fr, authSessionParentId=b405996f-b721-4b1b-af61-e1616b0a947d, authSessionTabId=nPkgOWlAz00
2020-03-09 16:44:09,567 WARN  [org.keycloak.events] (default task-13) type=LOGIN_ERROR, realmId=spring-boot, clientId=account, userId=null, ipAddress=127.0.0.1, error=user_not_found, auth_method=openid-connect, auth_type=code, redirect_uri=http://localhost:8082/auth/realms/spring-boot/account/login-redirect, code_id=b405996f-b721-4b1b-af61-e1616b0a947d, username=thomastuemo1@yahoo.fr, authSessionParentId=b405996f-b721-4b1b-af61-e1616b0a947d, authSessionTabId=nPkgOWlAz00
2020-03-09 16:44:15,573 WARN  [org.keycloak.events] (default task-13) type=LOGIN_ERROR, realmId=spring-boot, clientId=account, userId=null, ipAddress=127.0.0.1, error=user_not_found, auth_method=openid-connect, auth_type=code, redirect_uri=http://localhost:8082/auth/realms/spring-boot/account/login-redirect, code_id=b405996f-b721-4b1b-af61-e1616b0a947d, username=thomastuemo1@yahoo.fr, authSessionParentId=b405996f-b721-4b1b-af61-e1616b0a947d, authSessionTabId=nPkgOWlAz00
2020-03-09 16:44:45,528 WARN  [org.keycloak.events] (default task-20) type=LOGIN_ERROR, realmId=spring-boot, clientId=account, userId=null, ipAddress=127.0.0.1, error=user_not_found, auth_method=openid-connect, auth_type=code, redirect_uri=http://localhost:8082/auth/realms/spring-boot/account/login-redirect, code_id=b405996f-b721-4b1b-af61-e1616b0a947d, username=thomastuemo11@yahoo.fr, authSessionParentId=b405996f-b721-4b1b-af61-e1616b0a947d, authSessionTabId=nPkgOWlAz00
2020-03-09 16:44:57,493 WARN  [org.keycloak.events] (default task-20) type=LOGIN_ERROR, realmId=spring-boot, clientId=account, userId=null, ipAddress=127.0.0.1, error=user_not_found, auth_method=openid-connect, auth_type=code, redirect_uri=http://localhost:8082/auth/realms/spring-boot/account/login-redirect, code_id=b405996f-b721-4b1b-af61-e1616b0a947d, username=thomastuemo11@yahoo.fr, authSessionParentId=b405996f-b721-4b1b-af61-e1616b0a947d, authSessionTabId=nPkgOWlAz00
2020-03-09 16:45:29,606 WARN  [org.keycloak.events] (default task-23) type=LOGIN_ERROR, realmId=spring-boot, clientId=account, userId=null, ipAddress=127.0.0.1, error=user_not_found, auth_method=openid-connect, auth_type=code, redirect_uri=http://localhost:8082/auth/realms/spring-boot/account/login-redirect, code_id=b405996f-b721-4b1b-af61-e1616b0a947d, username=thomastuemo4@yahoo.fr, authSessionParentId=b405996f-b721-4b1b-af61-e1616b0a947d, authSessionTabId=nPkgOWlAz00
2020-03-09 16:53:11,507 WARN  [org.keycloak.events] (default task-26) type=LOGIN_ERROR, realmId=spring-boot, clientId=account, userId=null, ipAddress=127.0.0.1, error=user_not_found, auth_method=openid-connect, auth_type=code, redirect_uri=http://localhost:8082/auth/realms/spring-boot/account/login-redirect?path=resource, code_id=5801a6a7-9638-4510-a9a9-b76233f35296, username=thomastuemo1@yahoo.fr, authSessionParentId=5801a6a7-9638-4510-a9a9-b76233f35296, authSessionTabId=6spGLsntPJ4
2020-03-09 16:53:58,782 WARN  [org.keycloak.events] (default task-26) type=LOGIN_ERROR, realmId=spring-boot, clientId=account, userId=null, ipAddress=127.0.0.1, error=user_not_found, auth_method=openid-connect, auth_type=code, redirect_uri=http://localhost:8082/auth/realms/spring-boot/account/login-redirect?path=resource, code_id=5801a6a7-9638-4510-a9a9-b76233f35296, username=thomastuemo1@yahoo.fr, authSessionParentId=5801a6a7-9638-4510-a9a9-b76233f35296, authSessionTabId=6spGLsntPJ4
2020-03-09 16:54:06,794 WARN  [org.keycloak.events] (default task-26) type=LOGIN_ERROR, realmId=spring-boot, clientId=account, userId=null, ipAddress=127.0.0.1, error=user_not_found, auth_method=openid-connect, auth_type=code, redirect_uri=http://localhost:8082/auth/realms/spring-boot/account/login-redirect?path=resource, code_id=5801a6a7-9638-4510-a9a9-b76233f35296, username=thomastuemo1@yahoo.fr, authSessionParentId=5801a6a7-9638-4510-a9a9-b76233f35296, authSessionTabId=6spGLsntPJ4
2020-03-09 16:54:20,411 WARN  [org.keycloak.events] (default task-26) type=LOGIN_ERROR, realmId=spring-boot, clientId=null, userId=null, ipAddress=127.0.0.1, error=invalid_code
2020-03-09 16:54:20,494 WARN  [org.keycloak.events] (default task-26) type=LOGIN_ERROR, realmId=spring-boot, clientId=null, userId=null, ipAddress=127.0.0.1, error=invalid_code
2020-03-09 16:54:20,534 WARN  [org.keycloak.events] (default task-26) type=LOGIN_ERROR, realmId=spring-boot, clientId=null, userId=null, ipAddress=127.0.0.1, error=invalid_code
2020-03-09 16:54:20,588 WARN  [org.keycloak.events] (default task-26) type=LOGIN_ERROR, realmId=spring-boot, clientId=null, userId=null, ipAddress=127.0.0.1, error=invalid_code
2020-03-09 16:54:20,647 WARN  [org.keycloak.events] (default task-26) type=LOGIN_ERROR, realmId=spring-boot, clientId=null, userId=null, ipAddress=127.0.0.1, error=invalid_code
2020-03-09 16:54:20,655 WARN  [org.keycloak.events] (default task-26) type=LOGIN_ERROR, realmId=spring-boot, clientId=null, userId=null, ipAddress=127.0.0.1, error=invalid_code
2020-03-09 16:54:20,693 WARN  [org.keycloak.events] (default task-26) type=LOGIN_ERROR, realmId=spring-boot, clientId=null, userId=null, ipAddress=127.0.0.1, error=invalid_code
2020-03-09 16:54:20,736 WARN  [org.keycloak.events] (default task-26) type=LOGIN_ERROR, realmId=spring-boot, clientId=null, userId=null, ipAddress=127.0.0.1, error=invalid_code
2020-03-09 16:54:20,798 WARN  [org.keycloak.events] (default task-26) type=LOGIN_ERROR, realmId=spring-boot, clientId=null, userId=null, ipAddress=127.0.0.1, error=invalid_code
2020-03-09 16:54:20,936 WARN  [org.keycloak.events] (default task-26) type=LOGIN_ERROR, realmId=spring-boot, clientId=null, userId=null, ipAddress=127.0.0.1, error=invalid_code
2020-03-09 16:54:24,342 WARN  [org.keycloak.events] (default task-26) type=LOGIN_ERROR, realmId=spring-boot, clientId=null, userId=null, ipAddress=127.0.0.1, error=invalid_code
2020-03-09 16:54:24,908 WARN  [org.keycloak.events] (default task-26) type=LOGIN_ERROR, realmId=spring-boot, clientId=null, userId=null, ipAddress=127.0.0.1, error=invalid_code
2020-03-09 16:54:25,018 WARN  [org.keycloak.events] (default task-26) type=LOGIN_ERROR, realmId=spring-boot, clientId=null, userId=null, ipAddress=127.0.0.1, error=invalid_code
2020-03-09 16:54:25,086 WARN  [org.keycloak.events] (default task-26) type=LOGIN_ERROR, realmId=spring-boot, clientId=null, userId=null, ipAddress=127.0.0.1, error=invalid_code
2020-03-09 16:54:25,279 WARN  [org.keycloak.events] (default task-26) type=LOGIN_ERROR, realmId=spring-boot, clientId=null, userId=null, ipAddress=127.0.0.1, error=invalid_code
2020-03-09 16:54:25,388 WARN  [org.keycloak.events] (default task-26) type=LOGIN_ERROR, realmId=spring-boot, clientId=null, userId=null, ipAddress=127.0.0.1, error=invalid_code
2020-03-09 16:54:25,468 WARN  [org.keycloak.events] (default task-26) type=LOGIN_ERROR, realmId=spring-boot, clientId=null, userId=null, ipAddress=127.0.0.1, error=invalid_code
2020-03-09 16:54:25,498 WARN  [org.keycloak.events] (default task-26) type=LOGIN_ERROR, realmId=spring-boot, clientId=null, userId=null, ipAddress=127.0.0.1, error=invalid_code
2020-03-09 16:54:25,577 WARN  [org.keycloak.events] (default task-26) type=LOGIN_ERROR, realmId=spring-boot, clientId=null, userId=null, ipAddress=127.0.0.1, error=invalid_code
2020-03-09 16:54:25,643 WARN  [org.keycloak.events] (default task-26) type=LOGIN_ERROR, realmId=spring-boot, clientId=null, userId=null, ipAddress=127.0.0.1, error=invalid_code
2020-03-09 16:54:25,707 WARN  [org.keycloak.events] (default task-26) type=LOGIN_ERROR, realmId=spring-boot, clientId=null, userId=null, ipAddress=127.0.0.1, error=invalid_code
2020-03-09 16:54:25,776 WARN  [org.keycloak.events] (default task-26) type=LOGIN_ERROR, realmId=spring-boot, clientId=null, userId=null, ipAddress=127.0.0.1, error=invalid_code
2020-03-09 16:54:25,843 WARN  [org.keycloak.events] (default task-26) type=LOGIN_ERROR, realmId=spring-boot, clientId=null, userId=null, ipAddress=127.0.0.1, error=invalid_code
2020-03-09 16:54:25,973 WARN  [org.keycloak.events] (default task-26) type=LOGIN_ERROR, realmId=spring-boot, clientId=null, userId=null, ipAddress=127.0.0.1, error=invalid_code
2020-03-09 16:54:26,037 WARN  [org.keycloak.events] (default task-26) type=LOGIN_ERROR, realmId=spring-boot, clientId=null, userId=null, ipAddress=127.0.0.1, error=invalid_code
2020-03-09 16:54:26,104 WARN  [org.keycloak.events] (default task-26) type=LOGIN_ERROR, realmId=spring-boot, clientId=null, userId=null, ipAddress=127.0.0.1, error=invalid_code
2020-03-09 16:54:26,168 WARN  [org.keycloak.events] (default task-26) type=LOGIN_ERROR, realmId=spring-boot, clientId=null, userId=null, ipAddress=127.0.0.1, error=invalid_code
2020-03-09 16:54:26,236 WARN  [org.keycloak.events] (default task-26) type=LOGIN_ERROR, realmId=spring-boot, clientId=null, userId=null, ipAddress=127.0.0.1, error=invalid_code
2020-03-09 16:54:26,384 WARN  [org.keycloak.events] (default task-26) type=LOGIN_ERROR, realmId=spring-boot, clientId=null, userId=null, ipAddress=127.0.0.1, error=invalid_code
2020-03-09 16:54:26,479 WARN  [org.keycloak.events] (default task-26) type=LOGIN_ERROR, realmId=spring-boot, clientId=null, userId=null, ipAddress=127.0.0.1, error=invalid_code
2020-03-09 16:54:26,536 WARN  [org.keycloak.events] (default task-26) type=LOGIN_ERROR, realmId=spring-boot, clientId=null, userId=null, ipAddress=127.0.0.1, error=invalid_code
2020-03-09 16:54:26,605 WARN  [org.keycloak.events] (default task-26) type=LOGIN_ERROR, realmId=spring-boot, clientId=null, userId=null, ipAddress=127.0.0.1, error=invalid_code
2020-03-09 16:54:26,666 WARN  [org.keycloak.events] (default task-26) type=LOGIN_ERROR, realmId=spring-boot, clientId=null, userId=null, ipAddress=127.0.0.1, error=invalid_code
2020-03-09 16:54:26,708 WARN  [org.keycloak.events] (default task-26) type=LOGIN_ERROR, realmId=spring-boot, clientId=null, userId=null, ipAddress=127.0.0.1, error=invalid_code
2020-03-09 16:54:26,764 WARN  [org.keycloak.events] (default task-26) type=LOGIN_ERROR, realmId=spring-boot, clientId=null, userId=null, ipAddress=127.0.0.1, error=invalid_code
2020-03-09 16:54:26,808 WARN  [org.keycloak.events] (default task-26) type=LOGIN_ERROR, realmId=spring-boot, clientId=null, userId=null, ipAddress=127.0.0.1, error=invalid_code
2020-03-09 16:54:26,858 WARN  [org.keycloak.events] (default task-26) type=LOGIN_ERROR, realmId=spring-boot, clientId=null, userId=null, ipAddress=127.0.0.1, error=invalid_code
2020-03-09 16:54:26,902 WARN  [org.keycloak.events] (default task-26) type=LOGIN_ERROR, realmId=spring-boot, clientId=null, userId=null, ipAddress=127.0.0.1, error=invalid_code
2020-03-09 16:54:26,962 WARN  [org.keycloak.events] (default task-26) type=LOGIN_ERROR, realmId=spring-boot, clientId=null, userId=null, ipAddress=127.0.0.1, error=invalid_code
2020-03-09 16:54:27,003 WARN  [org.keycloak.events] (default task-26) type=LOGIN_ERROR, realmId=spring-boot, clientId=null, userId=null, ipAddress=127.0.0.1, error=invalid_code
2020-03-09 16:54:27,141 WARN  [org.keycloak.events] (default task-26) type=LOGIN_ERROR, realmId=spring-boot, clientId=null, userId=null, ipAddress=127.0.0.1, error=invalid_code
2020-03-09 17:17:05,279 WARN  [org.keycloak.events] (default task-34) type=LOGIN_ERROR, realmId=spring-boot, clientId=account, userId=null, ipAddress=127.0.0.1, error=invalid_redirect_uri, redirect_uri=http://localhost:8082/auth/realms/spring-boot?ccount/login-redirect?path=password
2020-03-09 17:17:05,820 WARN  [org.keycloak.events] (default task-34) type=LOGIN_ERROR, realmId=spring-boot, clientId=account, userId=null, ipAddress=127.0.0.1, error=invalid_redirect_uri, redirect_uri=http://localhost:8082/auth/realms?ccount/login-redirect?path=password
2020-03-09 17:17:06,070 WARN  [org.keycloak.events] (default task-34) type=LOGIN_ERROR, realmId=spring-boot, clientId=account, userId=null, ipAddress=127.0.0.1, error=invalid_redirect_uri, redirect_uri=http://localhost:8082/auth/reFaccount/login-redirect?path=password
2020-03-09 17:17:06,215 WARN  [org.keycloak.events] (default task-34) type=LOGIN_ERROR, realmId=spring-boot, clientId=account, userId=null, ipAddress=127.0.0.1, error=invalid_redirect_uri, redirect_uri=http://localhost:8082/auth/account/login-redirect?path=password
2020-03-09 17:17:06,410 WARN  [org.keycloak.events] (default task-34) type=LOGIN_ERROR, realmId=spring-boot, clientId=account, userId=null, ipAddress=127.0.0.1, error=invalid_redirect_uri, redirect_uri=http://localhost:8082/auFaccount/login-redirect?path=password
2020-03-09 17:17:07,124 WARN  [org.keycloak.events] (default task-34) type=LOGIN_ERROR, realmId=spring-boot, clientId=account, userId=null, ipAddress=127.0.0.1, error=invalid_redirect_uri, redirect_uri=http://locaFaccount/login-redirect?path=password
2020-03-09 17:17:13,841 WARN  [org.keycloak.events] (default task-34) type=LOGIN_ERROR, realmId=spring-boot, clientId=account, userId=null, ipAddress=127.0.0.1, error=invalid_redirect_uri, redirect_uri=http://locaFaccount/login-redirect?path=password
2020-03-09 17:17:14,093 WARN  [org.keycloak.events] (default task-34) type=LOGIN_ERROR, realmId=spring-boot, clientId=account, userId=null, ipAddress=127.0.0.1, error=invalid_redirect_uri, redirect_uri=http://locaFaccount/login-redirect?path=password
2020-03-09 17:17:14,217 WARN  [org.keycloak.events] (default task-34) type=LOGIN_ERROR, realmId=spring-boot, clientId=account, userId=null, ipAddress=127.0.0.1, error=invalid_redirect_uri, redirect_uri=http://locaFaccount/login-redirect?path=password
2020-03-09 17:17:14,351 WARN  [org.keycloak.events] (default task-34) type=LOGIN_ERROR, realmId=spring-boot, clientId=account, userId=null, ipAddress=127.0.0.1, error=invalid_redirect_uri, redirect_uri=http://locaFaccount/login-redirect?path=password
2020-03-09 17:17:14,453 WARN  [org.keycloak.events] (default task-34) type=LOGIN_ERROR, realmId=spring-boot, clientId=account, userId=null, ipAddress=127.0.0.1, error=invalid_redirect_uri, redirect_uri=http://locaFaccount/login-redirect?path=password
2020-03-09 17:17:14,647 WARN  [org.keycloak.events] (default task-34) type=LOGIN_ERROR, realmId=spring-boot, clientId=account, userId=null, ipAddress=127.0.0.1, error=invalid_redirect_uri, redirect_uri=http://locaFaccount/login-redirect?path=password
2020-03-09 17:17:14,710 WARN  [org.keycloak.events] (default task-34) type=LOGIN_ERROR, realmId=spring-boot, clientId=account, userId=null, ipAddress=127.0.0.1, error=invalid_redirect_uri, redirect_uri=http://locaFaccount/login-redirect?path=password
2020-03-09 17:17:14,777 WARN  [org.keycloak.events] (default task-34) type=LOGIN_ERROR, realmId=spring-boot, clientId=account, userId=null, ipAddress=127.0.0.1, error=invalid_redirect_uri, redirect_uri=http://locaFaccount/login-redirect?path=password
2020-03-09 17:17:14,877 WARN  [org.keycloak.events] (default task-34) type=LOGIN_ERROR, realmId=spring-boot, clientId=account, userId=null, ipAddress=127.0.0.1, error=invalid_redirect_uri, redirect_uri=http://locaFaccount/login-redirect?path=password
2020-03-09 17:17:14,986 WARN  [org.keycloak.events] (default task-34) type=LOGIN_ERROR, realmId=spring-boot, clientId=account, userId=null, ipAddress=127.0.0.1, error=invalid_redirect_uri, redirect_uri=http://locaFaccount/login-redirect?path=password
2020-03-09 17:17:15,011 WARN  [org.keycloak.events] (default task-34) type=LOGIN_ERROR, realmId=spring-boot, clientId=account, userId=null, ipAddress=127.0.0.1, error=invalid_redirect_uri, redirect_uri=http://locaFaccount/login-redirect?path=password
2020-03-09 17:17:15,242 WARN  [org.keycloak.events] (default task-34) type=LOGIN_ERROR, realmId=spring-boot, clientId=account, userId=null, ipAddress=127.0.0.1, error=invalid_redirect_uri, redirect_uri=http://locaFaccount/login-redirect?path=password
2020-03-09 17:17:15,313 WARN  [org.keycloak.events] (default task-34) type=LOGIN_ERROR, realmId=spring-boot, clientId=account, userId=null, ipAddress=127.0.0.1, error=invalid_redirect_uri, redirect_uri=http://locaFaccount/login-redirect?path=password
2020-03-09 17:17:15,338 WARN  [org.keycloak.events] (default task-34) type=LOGIN_ERROR, realmId=spring-boot, clientId=account, userId=null, ipAddress=127.0.0.1, error=invalid_redirect_uri, redirect_uri=http://locaFaccount/login-redirect?path=password
2020-03-09 17:17:15,412 WARN  [org.keycloak.events] (default task-34) type=LOGIN_ERROR, realmId=spring-boot, clientId=account, userId=null, ipAddress=127.0.0.1, error=invalid_redirect_uri, redirect_uri=http://locaFaccount/login-redirect?path=password
2020-03-09 17:17:15,503 WARN  [org.keycloak.events] (default task-34) type=LOGIN_ERROR, realmId=spring-boot, clientId=account, userId=null, ipAddress=127.0.0.1, error=invalid_redirect_uri, redirect_uri=http://locaFaccount/login-redirect?path=password
2020-03-09 17:17:15,577 WARN  [org.keycloak.events] (default task-34) type=LOGIN_ERROR, realmId=spring-boot, clientId=account, userId=null, ipAddress=127.0.0.1, error=invalid_redirect_uri, redirect_uri=http://locaFaccount/login-redirect?path=password
2020-03-09 17:17:15,673 WARN  [org.keycloak.events] (default task-34) type=LOGIN_ERROR, realmId=spring-boot, clientId=account, userId=null, ipAddress=127.0.0.1, error=invalid_redirect_uri, redirect_uri=http://locaFaccount/login-redirect?path=password
2020-03-09 17:17:15,774 WARN  [org.keycloak.events] (default task-34) type=LOGIN_ERROR, realmId=spring-boot, clientId=account, userId=null, ipAddress=127.0.0.1, error=invalid_redirect_uri, redirect_uri=http://locaFaccount/login-redirect?path=password
2020-03-09 17:17:15,963 WARN  [org.keycloak.events] (default task-34) type=LOGIN_ERROR, realmId=spring-boot, clientId=account, userId=null, ipAddress=127.0.0.1, error=invalid_redirect_uri, redirect_uri=http://locaFaccount/login-redirect?path=password
2020-03-09 17:17:16,072 WARN  [org.keycloak.events] (default task-34) type=LOGIN_ERROR, realmId=spring-boot, clientId=account, userId=null, ipAddress=127.0.0.1, error=invalid_redirect_uri, redirect_uri=http://locaFaccount/login-redirect?path=password
2020-03-09 17:17:16,170 WARN  [org.keycloak.events] (default task-34) type=LOGIN_ERROR, realmId=spring-boot, clientId=account, userId=null, ipAddress=127.0.0.1, error=invalid_redirect_uri, redirect_uri=http://locaFaccount/login-redirect?path=password
2020-03-09 17:17:16,329 WARN  [org.keycloak.events] (default task-34) type=LOGIN_ERROR, realmId=spring-boot, clientId=account, userId=null, ipAddress=127.0.0.1, error=invalid_redirect_uri, redirect_uri=http://locaFaccount/login-redirect?path=password
2020-03-09 17:17:16,354 WARN  [org.keycloak.events] (default task-34) type=LOGIN_ERROR, realmId=spring-boot, clientId=account, userId=null, ipAddress=127.0.0.1, error=invalid_redirect_uri, redirect_uri=http://locaFaccount/login-redirect?path=password
2020-03-09 17:17:16,429 WARN  [org.keycloak.events] (default task-34) type=LOGIN_ERROR, realmId=spring-boot, clientId=account, userId=null, ipAddress=127.0.0.1, error=invalid_redirect_uri, redirect_uri=http://locaFaccount/login-redirect?path=password
2020-03-09 17:17:16,491 WARN  [org.keycloak.events] (default task-34) type=LOGIN_ERROR, realmId=spring-boot, clientId=account, userId=null, ipAddress=127.0.0.1, error=invalid_redirect_uri, redirect_uri=http://locaFaccount/login-redirect?path=password
2020-03-09 17:17:16,568 WARN  [org.keycloak.events] (default task-34) type=LOGIN_ERROR, realmId=spring-boot, clientId=account, userId=null, ipAddress=127.0.0.1, error=invalid_redirect_uri, redirect_uri=http://locaFaccount/login-redirect?path=password
2020-03-09 17:17:16,589 WARN  [org.keycloak.events] (default task-34) type=LOGIN_ERROR, realmId=spring-boot, clientId=account, userId=null, ipAddress=127.0.0.1, error=invalid_redirect_uri, redirect_uri=http://locaFaccount/login-redirect?path=password
2020-03-09 17:17:16,685 WARN  [org.keycloak.events] (default task-34) type=LOGIN_ERROR, realmId=spring-boot, clientId=account, userId=null, ipAddress=127.0.0.1, error=invalid_redirect_uri, redirect_uri=http://locaFaccount/login-redirect?path=password
2020-03-09 17:17:16,761 WARN  [org.keycloak.events] (default task-34) type=LOGIN_ERROR, realmId=spring-boot, clientId=account, userId=null, ipAddress=127.0.0.1, error=invalid_redirect_uri, redirect_uri=http://locaFaccount/login-redirect?path=password
2020-03-09 17:17:16,921 WARN  [org.keycloak.events] (default task-34) type=LOGIN_ERROR, realmId=spring-boot, clientId=account, userId=null, ipAddress=127.0.0.1, error=invalid_redirect_uri, redirect_uri=http://locaFaccount/login-redirect?path=password
2020-03-09 17:17:16,982 WARN  [org.keycloak.events] (default task-34) type=LOGIN_ERROR, realmId=spring-boot, clientId=account, userId=null, ipAddress=127.0.0.1, error=invalid_redirect_uri, redirect_uri=http://locaFaccount/login-redirect?path=password
2020-03-09 17:17:17,052 WARN  [org.keycloak.events] (default task-34) type=LOGIN_ERROR, realmId=spring-boot, clientId=account, userId=null, ipAddress=127.0.0.1, error=invalid_redirect_uri, redirect_uri=http://locaFaccount/login-redirect?path=password
2020-03-09 17:17:17,253 WARN  [org.keycloak.events] (default task-34) type=LOGIN_ERROR, realmId=spring-boot, clientId=account, userId=null, ipAddress=127.0.0.1, error=invalid_redirect_uri, redirect_uri=http://locaFaccount/login-redirect?path=password
2020-03-09 17:17:17,294 WARN  [org.keycloak.events] (default task-34) type=LOGIN_ERROR, realmId=spring-boot, clientId=account, userId=null, ipAddress=127.0.0.1, error=invalid_redirect_uri, redirect_uri=http://locaFaccount/login-redirect?path=password
2020-03-09 17:17:17,319 WARN  [org.keycloak.events] (default task-34) type=LOGIN_ERROR, realmId=spring-boot, clientId=account, userId=null, ipAddress=127.0.0.1, error=invalid_redirect_uri, redirect_uri=http://locaFaccount/login-redirect?path=passwor
2020-03-09 17:17:17,359 WARN  [org.keycloak.events] (default task-34) type=LOGIN_ERROR, realmId=spring-boot, clientId=account, userId=null, ipAddress=127.0.0.1, error=invalid_redirect_uri, redirect_uri=http://locaFaccount/login-redirect?path=passwo
2020-03-09 17:17:17,393 WARN  [org.keycloak.events] (default task-34) type=LOGIN_ERROR, realmId=spring-boot, clientId=account, userId=null, ipAddress=127.0.0.1, error=invalid_redirect_uri, redirect_uri=http://locaFaccount/login-redirect?path=passw
2020-03-09 17:17:17,424 WARN  [org.keycloak.events] (default task-34) type=LOGIN_ERROR, realmId=spring-boot, clientId=account, userId=null, ipAddress=127.0.0.1, error=invalid_redirect_uri, redirect_uri=http://locaFaccount/login-redirect?path=pass
2020-03-09 17:17:17,440 WARN  [org.keycloak.events] (default task-34) type=LOGIN_ERROR, realmId=spring-boot, clientId=account, userId=null, ipAddress=127.0.0.1, error=invalid_redirect_uri, redirect_uri=http://locaFaccount/login-redirect?path=pas
2020-03-09 17:17:17,477 WARN  [org.keycloak.events] (default task-34) type=LOGIN_ERROR, realmId=spring-boot, clientId=account, userId=null, ipAddress=127.0.0.1, error=invalid_redirect_uri, redirect_uri=http://locaFaccount/login-redirect?path=pa
2020-03-09 17:17:17,546 WARN  [org.keycloak.events] (default task-34) type=LOGIN_ERROR, realmId=spring-boot, clientId=account, userId=null, ipAddress=127.0.0.1, error=invalid_redirect_uri, redirect_uri=http://locaFaccount/login-redirect?path=p
2020-03-09 17:17:17,561 WARN  [org.keycloak.events] (default task-34) type=LOGIN_ERROR, realmId=spring-boot, clientId=account, userId=null, ipAddress=127.0.0.1, error=invalid_redirect_uri, redirect_uri=http://locaFaccount/login-redirect?path=
2020-03-09 17:17:17,964 WARN  [org.keycloak.events] (default task-34) type=LOGIN_ERROR, realmId=spring-boot, clientId=account, userId=null, ipAddress=127.0.0.1, error=invalid_redirect_uri, redirect_uri=http://locaFaccount/login-redirect?pat
2020-03-09 17:17:17,975 WARN  [org.keycloak.events] (default task-34) type=LOGIN_ERROR, realmId=spring-boot, clientId=account, userId=null, ipAddress=127.0.0.1, error=invalid_redirect_uri, redirect_uri=http://locaFaccount/login-redirect?pa
2020-03-09 17:17:17,985 WARN  [org.keycloak.events] (default task-34) type=LOGIN_ERROR, realmId=spring-boot, clientId=account, userId=null, ipAddress=127.0.0.1, error=invalid_redirect_uri, redirect_uri=http://locaFaccount/login-redirect?p
2020-03-09 17:17:18,081 WARN  [org.keycloak.events] (default task-34) type=LOGIN_ERROR, realmId=spring-boot, clientId=account, userId=null, ipAddress=127.0.0.1, error=invalid_redirect_uri, redirect_uri=http://locaFaccount/login-redirec
2020-03-09 17:17:18,083 WARN  [org.keycloak.events] (default task-28) type=LOGIN_ERROR, realmId=spring-boot, clientId=account, userId=null, ipAddress=127.0.0.1, error=invalid_redirect_uri, redirect_uri=http://locaFaccount/login-redirect?
2020-03-09 17:17:18,131 WARN  [org.keycloak.events] (default task-34) type=LOGIN_ERROR, realmId=spring-boot, clientId=account, userId=null, ipAddress=127.0.0.1, error=invalid_redirect_uri, redirect_uri=http://locaFaccount/login-redir
2020-03-09 17:17:18,132 WARN  [org.keycloak.events] (default task-28) type=LOGIN_ERROR, realmId=spring-boot, clientId=account, userId=null, ipAddress=127.0.0.1, error=invalid_redirect_uri, redirect_uri=http://locaFaccount/login-redire
2020-03-09 17:17:18,149 WARN  [org.keycloak.events] (default task-34) type=LOGIN_ERROR, realmId=spring-boot, clientId=account, userId=null, ipAddress=127.0.0.1, error=invalid_redirect_uri, redirect_uri=http://locaFaccount/login-re
2020-03-09 17:17:18,154 WARN  [org.keycloak.events] (default task-28) type=LOGIN_ERROR, realmId=spring-boot, clientId=account, userId=null, ipAddress=127.0.0.1, error=invalid_redirect_uri, redirect_uri=http://locaFaccount/login-r
2020-03-09 17:17:18,164 WARN  [org.keycloak.events] (default task-28) type=LOGIN_ERROR, realmId=spring-boot, clientId=account, userId=null, ipAddress=127.0.0.1, error=invalid_redirect_uri, redirect_uri=http://locaFaccount/login-
2020-03-09 17:17:18,166 WARN  [org.keycloak.events] (default task-34) type=LOGIN_ERROR, realmId=spring-boot, clientId=account, userId=null, ipAddress=127.0.0.1, error=invalid_redirect_uri, redirect_uri=http://locaFaccount/login
2020-03-09 17:17:18,182 WARN  [org.keycloak.events] (default task-34) type=LOGIN_ERROR, realmId=spring-boot, clientId=account, userId=null, ipAddress=127.0.0.1, error=invalid_redirect_uri, redirect_uri=http://locaFaccount/logi
2020-03-09 17:17:18,186 WARN  [org.keycloak.events] (default task-28) type=LOGIN_ERROR, realmId=spring-boot, clientId=account, userId=null, ipAddress=127.0.0.1, error=invalid_redirect_uri, redirect_uri=http://locaFaccount/log
2020-03-09 17:17:18,206 WARN  [org.keycloak.events] (default task-34) type=LOGIN_ERROR, realmId=spring-boot, clientId=account, userId=null, ipAddress=127.0.0.1, error=invalid_redirect_uri, redirect_uri=http://locaFaccount/lo
2020-03-09 17:17:18,252 WARN  [org.keycloak.events] (default task-34) type=LOGIN_ERROR, realmId=spring-boot, clientId=account, userId=null, ipAddress=127.0.0.1, error=invalid_redirect_uri, redirect_uri=http://locaFaccount/l
2020-03-09 17:17:18,282 WARN  [org.keycloak.events] (default task-34) type=LOGIN_ERROR, realmId=spring-boot, clientId=account, userId=null, ipAddress=127.0.0.1, error=invalid_redirect_uri, redirect_uri=http://locaFaccount/
2020-03-09 17:17:18,487 WARN  [org.keycloak.events] (default task-34) type=LOGIN_ERROR, realmId=spring-boot, clientId=account, userId=null, ipAddress=127.0.0.1, error=invalid_redirect_uri, redirect_uri=http://locaFaccount/login-redirect?path
2020-03-09 17:17:18,496 WARN  [org.keycloak.events] (default task-34) type=LOGIN_ERROR, realmId=spring-boot, clientId=account, userId=null, ipAddress=127.0.0.1, error=invalid_redirect_uri, redirect_uri=http://locaFaccount
2020-03-09 17:17:18,531 WARN  [org.keycloak.events] (default task-34) type=LOGIN_ERROR, realmId=spring-boot, clientId=account, userId=null, ipAddress=127.0.0.1, error=invalid_redirect_uri, redirect_uri=http://locaFaccoun
2020-03-09 17:17:18,545 WARN  [org.keycloak.events] (default task-34) type=LOGIN_ERROR, realmId=spring-boot, clientId=account, userId=null, ipAddress=127.0.0.1, error=invalid_redirect_uri, redirect_uri=http://locaFaccou
2020-03-09 17:17:18,554 WARN  [org.keycloak.events] (default task-34) type=LOGIN_ERROR, realmId=spring-boot, clientId=account, userId=null, ipAddress=127.0.0.1, error=invalid_redirect_uri, redirect_uri=http://locaFacco
2020-03-09 17:17:18,562 WARN  [org.keycloak.events] (default task-34) type=LOGIN_ERROR, realmId=spring-boot, clientId=account, userId=null, ipAddress=127.0.0.1, error=invalid_redirect_uri, redirect_uri=http://locaFac
2020-03-09 17:17:18,580 WARN  [org.keycloak.events] (default task-34) type=LOGIN_ERROR, realmId=spring-boot, clientId=account, userId=null, ipAddress=127.0.0.1, error=invalid_redirect_uri, redirect_uri=http://locaFa
2020-03-09 17:17:18,612 WARN  [org.keycloak.events] (default task-34) type=LOGIN_ERROR, realmId=spring-boot, clientId=account, userId=null, ipAddress=127.0.0.1, error=invalid_redirect_uri, redirect_uri=http://locaF
2020-03-09 17:17:18,668 WARN  [org.keycloak.events] (default task-34) type=LOGIN_ERROR, realmId=spring-boot, clientId=account, userId=null, ipAddress=127.0.0.1, error=invalid_redirect_uri, redirect_uri=http://loc
2020-03-09 17:17:18,874 WARN  [org.keycloak.events] (default task-34) type=LOGIN_ERROR, realmId=spring-boot, clientId=account, userId=null, ipAddress=127.0.0.1, error=invalid_redirect_uri, redirect_uri=http://l
2020-03-09 17:17:19,243 WARN  [org.keycloak.events] (default task-34) type=LOGIN_ERROR, realmId=spring-boot, clientId=account, userId=null, ipAddress=127.0.0.1, error=invalid_redirect_uri, redirect_uri=http
2020-03-09 17:17:19,469 WARN  [org.keycloak.events] (default task-34) type=LOGIN_ERROR, realmId=spring-boot, clientId=account, userId=null, ipAddress=127.0.0.1, error=invalid_redirect_uri
2020-03-09 17:17:19,502 ERROR [org.keycloak.services] (default task-28) KC-SERVICES0092: Missing parameter: response_type
2020-03-09 17:17:19,606 WARN  [org.keycloak.events] (default task-28) type=LOGIN_ERROR, realmId=spring-boot, clientId=account, userId=null, ipAddress=127.0.0.1, error=invalid_request
2020-03-09 17:17:19,689 ERROR [org.keycloak.services] (default task-34) KC-SERVICES0092: Missing parameter: response_type
2020-03-09 17:17:19,693 WARN  [org.keycloak.events] (default task-34) type=LOGIN_ERROR, realmId=spring-boot, clientId=account, userId=null, ipAddress=127.0.0.1, error=invalid_request
2020-03-09 17:17:19,764 ERROR [org.keycloak.services] (default task-34) KC-SERVICES0092: Missing parameter: response_type
2020-03-09 17:17:19,765 WARN  [org.keycloak.events] (default task-34) type=LOGIN_ERROR, realmId=spring-boot, clientId=account, userId=null, ipAddress=127.0.0.1, error=invalid_request
2020-03-09 17:17:20,201 ERROR [org.keycloak.services] (default task-28) KC-SERVICES0092: Missing parameter: response_type
2020-03-09 17:17:20,202 ERROR [org.keycloak.services] (default task-34) KC-SERVICES0092: Missing parameter: response_type
2020-03-09 17:17:20,203 WARN  [org.keycloak.events] (default task-28) type=LOGIN_ERROR, realmId=spring-boot, clientId=account, userId=null, ipAddress=127.0.0.1, error=invalid_request
2020-03-09 17:17:20,252 WARN  [org.keycloak.events] (default task-34) type=LOGIN_ERROR, realmId=spring-boot, clientId=account, userId=null, ipAddress=127.0.0.1, error=invalid_request
2020-03-09 17:17:20,264 ERROR [org.keycloak.services] (default task-28) KC-SERVICES0092: Missing parameter: response_type
2020-03-09 17:17:20,267 WARN  [org.keycloak.events] (default task-28) type=LOGIN_ERROR, realmId=spring-boot, clientId=account, userId=null, ipAddress=127.0.0.1, error=invalid_request
2020-03-09 17:17:20,397 WARN  [org.keycloak.events] (default task-34) type=LOGIN_ERROR, realmId=spring-boot, clientId=accou, userId=null, ipAddress=127.0.0.1, error=client_not_found
2020-03-09 17:17:20,493 WARN  [org.keycloak.events] (default task-34) type=LOGIN_ERROR, realmId=spring-boot, clientId=a, userId=null, ipAddress=127.0.0.1, error=client_not_found
2020-03-09 17:17:20,549 WARN  [org.keycloak.events] (default task-34) type=LOGIN_ERROR, realmId=spring-boot, clientId=, userId=null, ipAddress=127.0.0.1, error=client_not_found
2020-03-09 17:17:20,757 WARN  [org.keycloak.events] (default task-34) type=LOGIN_ERROR, realmId=spring-boot, clientId=null, userId=null, ipAddress=127.0.0.1, error=invalid_request
2020-03-09 17:17:20,898 WARN  [org.keycloak.events] (default task-34) type=LOGIN_ERROR, realmId=spring-boot, clientId=null, userId=null, ipAddress=127.0.0.1, error=invalid_request
2020-03-09 17:17:21,099 WARN  [org.keycloak.events] (default task-34) type=LOGIN_ERROR, realmId=spring-boot, clientId=null, userId=null, ipAddress=127.0.0.1, error=invalid_request
2020-03-09 17:17:21,884 WARN  [org.keycloak.events] (default task-34) type=LOGIN_ERROR, realmId=spring-boot, clientId=null, userId=null, ipAddress=127.0.0.1, error=invalid_request
2020-03-09 17:17:21,896 WARN  [org.keycloak.events] (default task-34) type=LOGIN_ERROR, realmId=spring-boot, clientId=null, userId=null, ipAddress=127.0.0.1, error=invalid_request
2020-03-09 17:17:22,269 WARN  [org.keycloak.events] (default task-34) type=LOGIN_ERROR, realmId=spring-boot, clientId=null, userId=null, ipAddress=127.0.0.1, error=invalid_request
2020-03-09 17:17:22,334 WARN  [org.keycloak.events] (default task-34) type=LOGIN_ERROR, realmId=spring-boot, clientId=null, userId=null, ipAddress=127.0.0.1, error=invalid_request
